SF:/Users/bonkey/Projects/Personal/AwaitlessKit/Sources/AwaitlessCore/AwaitlessConfigData.swift
FN:20,$s13AwaitlessCore0A10ConfigDataV6prefix12availability8delivery8strategyACSSSg_AA0A12AvailabilityOSgAA0A8DeliveryOSgAA0A23SynchronizationStrategyOSgtcfC
FNDA:66,$s13AwaitlessCore0A10ConfigDataV6prefix12availability8delivery8strategyACSSSg_AA0A12AvailabilityOSgAA0A8DeliveryOSgAA0A23SynchronizationStrategyOSgtcfC
FNF:1
FNH:1
DA:20,66
DA:21,66
DA:22,66
DA:23,66
DA:24,66
DA:25,66
BRF:0
BRH:0
LF:6
LH:6
end_of_record
SF:/Users/bonkey/Projects/Personal/AwaitlessKit/Sources/AwaitlessKit/AwaitlessConfig.swift
FN:75,$s12AwaitlessKit0A6ConfigO11setDefaults6prefix12availability8delivery8strategyySSSg_0A4Core0A12AvailabilityOSgAJ0A8DeliveryOSgAJ0A23SynchronizationStrategyOSgtFZ
FN:90,$s12AwaitlessKit0A6ConfigO15currentDefaults0A4Core0aC4DataVvgZ
FNDA:4,$s12AwaitlessKit0A6ConfigO11setDefaults6prefix12availability8delivery8strategyySSSg_0A4Core0A12AvailabilityOSgAJ0A8DeliveryOSgAJ0A23SynchronizationStrategyOSgtFZ
FNDA:3,$s12AwaitlessKit0A6ConfigO15currentDefaults0A4Core0aC4DataVvgZ
FNF:2
FNH:2
DA:75,4
DA:76,4
DA:77,4
DA:78,4
DA:79,4
DA:80,4
DA:81,4
DA:82,4
DA:90,3
DA:91,3
DA:92,3
BRF:0
BRH:0
LF:11
LH:11
end_of_record
SF:/Users/bonkey/Projects/Personal/AwaitlessKit/Sources/AwaitlessKit/Noasync.run.swift
FN:23,$s12AwaitlessKit7NoasyncO3runyxxyYaq_YKXEq_YKFZ
FN:27,$s12AwaitlessKit7NoasyncO3runyxxyYaq_YKXEq_YKFZyxyYaq_YKcXEfU_
FN:30,$s12AwaitlessKit7NoasyncO3runyxxyYaq_YKXEq_YKFZyxyYaq_YKcXEfU_yyYaYbcfU_
FN:38,$s12AwaitlessKit7NoasyncO3runyxxyYaq_YKXEq_YKFZyxyYaq_YKcXEfU_yyYacfU0_
FN:61,$s12AwaitlessKit7NoasyncO3run7timeout_xs8DurationVSg_xyYaKXEtKFZ
FN:73,$s12AwaitlessKit7NoasyncO3run7timeout_xs8DurationVSg_xyYaKXEtKFZyxyYaKcXEfU_
FN:76,$s12AwaitlessKit7NoasyncO3run7timeout_xs8DurationVSg_xyYaKXEtKFZyxyYaKcXEfU_yyYaYbcfU_
FN:78,$s12AwaitlessKit7NoasyncO3run7timeout_xs8DurationVSg_xyYaKXEtKFZyxyYaKcXEfU_yyYaYbcfU_xyYaKXEfU_
FN:80,$s12AwaitlessKit7NoasyncO3run7timeout_xs8DurationVSg_xyYaKXEtKFZyxyYaKcXEfU_yyYaYbcfU_yyYbXEfU0_
FN:92,$s12AwaitlessKit7NoasyncO3run7timeout_xs8DurationVSg_xyYaKXEtKFZyxyYaKcXEfU_yyYaYbcfU0_
FNDA:1007,$s12AwaitlessKit7NoasyncO3runyxxyYaq_YKXEq_YKFZ
FNDA:1007,$s12AwaitlessKit7NoasyncO3runyxxyYaq_YKXEq_YKFZyxyYaq_YKcXEfU_
FNDA:1007,$s12AwaitlessKit7NoasyncO3runyxxyYaq_YKXEq_YKFZyxyYaq_YKcXEfU_yyYaYbcfU_
FNDA:1007,$s12AwaitlessKit7NoasyncO3runyxxyYaq_YKXEq_YKFZyxyYaq_YKcXEfU_yyYacfU0_
FNDA:18,$s12AwaitlessKit7NoasyncO3run7timeout_xs8DurationVSg_xyYaKXEtKFZ
FNDA:17,$s12AwaitlessKit7NoasyncO3run7timeout_xs8DurationVSg_xyYaKXEtKFZyxyYaKcXEfU_
FNDA:17,$s12AwaitlessKit7NoasyncO3run7timeout_xs8DurationVSg_xyYaKXEtKFZyxyYaKcXEfU_yyYaYbcfU_
FNDA:17,$s12AwaitlessKit7NoasyncO3run7timeout_xs8DurationVSg_xyYaKXEtKFZyxyYaKcXEfU_yyYaYbcfU_xyYaKXEfU_
FNDA:2,$s12AwaitlessKit7NoasyncO3run7timeout_xs8DurationVSg_xyYaKXEtKFZyxyYaKcXEfU_yyYaYbcfU_yyYbXEfU0_
FNDA:17,$s12AwaitlessKit7NoasyncO3run7timeout_xs8DurationVSg_xyYaKXEtKFZyxyYaKcXEfU_yyYaYbcfU0_
FNF:10
FNH:10
DA:23,1007
DA:24,1007
DA:25,1007
DA:26,1007
DA:27,1007
DA:28,1007
DA:29,1007
DA:30,1007
DA:31,1007
DA:32,1007
DA:33,1005
DA:34,2
DA:35,1007
DA:36,1007
DA:37,1007
DA:38,1007
DA:39,1007
DA:40,1007
DA:41,1007
DA:42,1007
DA:43,1007
DA:44,1007
DA:45,1007
DA:46,1007
DA:47,1007
DA:61,18
DA:66,18
DA:67,1
DA:68,17
DA:69,17
DA:70,17
DA:71,17
DA:72,17
DA:73,17
DA:74,17
DA:75,17
DA:76,17
DA:77,17
DA:78,17
DA:79,17
DA:80,14
DA:81,2
DA:82,14
DA:83,14
DA:84,14
DA:85,2
DA:86,2
DA:87,1
DA:88,17
DA:89,17
DA:90,17
DA:91,17
DA:92,17
DA:93,17
DA:94,17
DA:95,17
DA:96,17
DA:97,17
DA:98,17
DA:99,17
DA:100,17
DA:102,18
BRF:0
BRH:0
LF:142
LH:142
end_of_record
SF:/Users/bonkey/Projects/Personal/AwaitlessKit/Sources/AwaitlessKitMacros/AwaitlessCompletionMacro.swift
FN:24,$s18AwaitlessKitMacros0A15CompletionMacroV9expansion2of16providingPeersOf2inSay11SwiftSyntax04DeclM0VGAH09AttributeM0V_xq_tKAH0nM8ProtocolRz0lmC00E16ExpansionContextR_r0_lFZ
FN:110,$s18AwaitlessKitMacros0A15CompletionMacroV06createD8Function33_81B1525BF256F40725FA019D8189233DLL4from6prefix12availability11SwiftSyntax0g4DeclQ0VAK_SS0A4Core0A12AvailabilityOSgtFZ
FN:115,$s18AwaitlessKitMacros0A15CompletionMacroV06createD8Function33_81B1525BF256F40725FA019D8189233DLL4from6prefix12availability11SwiftSyntax0g4DeclQ0VAK_SS0A4Core0A12AvailabilityOSgtFZSbyKXEfu_
FN:117,$s18AwaitlessKitMacros0A15CompletionMacroV06createD8Function33_81B1525BF256F40725FA019D8189233DLL4from6prefix12availability11SwiftSyntax0g4DeclQ0VAK_SS0A4Core0A12AvailabilityOSgtFZAI04TypeQ0VyKXEfu0_
FN:186,$s18AwaitlessKitMacros0A15CompletionMacroV06createD12FunctionBody33_81B1525BF256F40725FA019D8189233DLL16originalFuncName10parameters10isThrowing0R10VoidReturn11SwiftSyntax09CodeBlockW0VSS_AJ0g13ParameterListW0VS2btFZ
FN:206,$s18AwaitlessKitMacros0A15CompletionMacroV06createD12FunctionBody33_81B1525BF256F40725FA019D8189233DLL16originalFuncName10parameters10isThrowing0R10VoidReturn11SwiftSyntax09CodeBlockW0VSS_AJ0g13ParameterListW0VS2btFZAJ0xy8ItemListW0VyXEfU_
FN:210,$s18AwaitlessKitMacros0A15CompletionMacroV06createD12FunctionBody33_81B1525BF256F40725FA019D8189233DLL16originalFuncName10parameters10isThrowing0R10VoidReturn11SwiftSyntax09CodeBlockW0VSS_AJ0g13ParameterListW0VS2btFZAJ0xy8ItemListW0VyXEfU_APyXEfU_
FN:216,$s18AwaitlessKitMacros0A15CompletionMacroV06createD12FunctionBody33_81B1525BF256F40725FA019D8189233DLL16originalFuncName10parameters10isThrowing0R10VoidReturn11SwiftSyntax09CodeBlockW0VSS_AJ0g13ParameterListW0VS2btFZAJ0xy8ItemListW0VyXEfU_APyXEfU_AJ018PatternBindingListW0VyXEfU_
FN:231,$s18AwaitlessKitMacros0A15CompletionMacroV06createD12FunctionBody33_81B1525BF256F40725FA019D8189233DLL16originalFuncName10parameters10isThrowing0R10VoidReturn11SwiftSyntax09CodeBlockW0VSS_AJ0g13ParameterListW0VS2btFZAJ0xy8ItemListW0VyXEfU_APyXEfU_AJ015LabeledExprListW0VyXEfU0_
FN:238,$s18AwaitlessKitMacros0A15CompletionMacroV06createD12FunctionBody33_81B1525BF256F40725FA019D8189233DLL16originalFuncName10parameters10isThrowing0R10VoidReturn11SwiftSyntax09CodeBlockW0VSS_AJ0g13ParameterListW0VS2btFZAJ0xy8ItemListW0VyXEfU_APyXEfU_AJ015LabeledExprListW0VyXEfU0_ARyXEfU_
FN:253,$s18AwaitlessKitMacros0A15CompletionMacroV06createD12FunctionBody33_81B1525BF256F40725FA019D8189233DLL16originalFuncName10parameters10isThrowing0R10VoidReturn11SwiftSyntax09CodeBlockW0VSS_AJ0g13ParameterListW0VS2btFZAJ0xy8ItemListW0VyXEfU_AJ015CatchClauseListW0VyXEfU0_
FN:256,$s18AwaitlessKitMacros0A15CompletionMacroV06createD12FunctionBody33_81B1525BF256F40725FA019D8189233DLL16originalFuncName10parameters10isThrowing0R10VoidReturn11SwiftSyntax09CodeBlockW0VSS_AJ0g13ParameterListW0VS2btFZAJ0xy8ItemListW0VyXEfU_AJ015CatchClauseListW0VyXEfU0_APyXEfU_
FN:263,$s18AwaitlessKitMacros0A15CompletionMacroV06createD12FunctionBody33_81B1525BF256F40725FA019D8189233DLL16originalFuncName10parameters10isThrowing0R10VoidReturn11SwiftSyntax09CodeBlockW0VSS_AJ0g13ParameterListW0VS2btFZAJ0xy8ItemListW0VyXEfU_AJ015CatchClauseListW0VyXEfU0_APyXEfU_AJ015LabeledExprListW0VyXEfU_
FN:270,$s18AwaitlessKitMacros0A15CompletionMacroV06createD12FunctionBody33_81B1525BF256F40725FA019D8189233DLL16originalFuncName10parameters10isThrowing0R10VoidReturn11SwiftSyntax09CodeBlockW0VSS_AJ0g13ParameterListW0VS2btFZAJ0xy8ItemListW0VyXEfU_AJ015CatchClauseListW0VyXEfU0_APyXEfU_AJ015LabeledExprListW0VyXEfU_ATyXEfU_
FN:282,$s18AwaitlessKitMacros0A15CompletionMacroV06createD12FunctionBody33_81B1525BF256F40725FA019D8189233DLL16originalFuncName10parameters10isThrowing0R10VoidReturn11SwiftSyntax09CodeBlockW0VSS_AJ0g13ParameterListW0VS2btFZAJ0xy8ItemListW0VyXEfU0_
FN:287,$s18AwaitlessKitMacros0A15CompletionMacroV06createD12FunctionBody33_81B1525BF256F40725FA019D8189233DLL16originalFuncName10parameters10isThrowing0R10VoidReturn11SwiftSyntax09CodeBlockW0VSS_AJ0g13ParameterListW0VS2btFZAJ0xy8ItemListW0VyXEfU0_AJ018PatternBindingListW0VyXEfU_
FN:299,$s18AwaitlessKitMacros0A15CompletionMacroV06createD12FunctionBody33_81B1525BF256F40725FA019D8189233DLL16originalFuncName10parameters10isThrowing0R10VoidReturn11SwiftSyntax09CodeBlockW0VSS_AJ0g13ParameterListW0VS2btFZAJ0xy8ItemListW0VyXEfU0_AJ015LabeledExprListW0VyXEfU0_
FN:306,$s18AwaitlessKitMacros0A15CompletionMacroV06createD12FunctionBody33_81B1525BF256F40725FA019D8189233DLL16originalFuncName10parameters10isThrowing0R10VoidReturn11SwiftSyntax09CodeBlockW0VSS_AJ0g13ParameterListW0VS2btFZAJ0xy8ItemListW0VyXEfU0_AJ015LabeledExprListW0VyXEfU0_ARyXEfU_
FN:331,$s18AwaitlessKitMacros0A15CompletionMacroV06createD12FunctionBody33_81B1525BF256F40725FA019D8189233DLL16originalFuncName10parameters10isThrowing0R10VoidReturn11SwiftSyntax09CodeBlockW0VSS_AJ0g13ParameterListW0VS2btFZAJ0xy8ItemListW0VyXEfU1_
FN:344,$s18AwaitlessKitMacros0A25CompletionMacroDiagnosticO8severity16SwiftDiagnostics0F8SeverityOvg
FN:348,$s18AwaitlessKitMacros0A25CompletionMacroDiagnosticO7messageSSvg
FN:349,$s18AwaitlessKitMacros0A25CompletionMacroDiagnosticO12diagnosticID16SwiftDiagnostics07MessageH0Vvg
FNDA:4,$s18AwaitlessKitMacros0A15CompletionMacroV9expansion2of16providingPeersOf2inSay11SwiftSyntax04DeclM0VGAH09AttributeM0V_xq_tKAH0nM8ProtocolRz0lmC00E16ExpansionContextR_r0_lFZ
FNDA:4,$s18AwaitlessKitMacros0A15CompletionMacroV06createD8Function33_81B1525BF256F40725FA019D8189233DLL4from6prefix12availability11SwiftSyntax0g4DeclQ0VAK_SS0A4Core0A12AvailabilityOSgtFZ
FNDA:0,$s18AwaitlessKitMacros0A15CompletionMacroV06createD8Function33_81B1525BF256F40725FA019D8189233DLL4from6prefix12availability11SwiftSyntax0g4DeclQ0VAK_SS0A4Core0A12AvailabilityOSgtFZSbyKXEfu_
FNDA:1,$s18AwaitlessKitMacros0A15CompletionMacroV06createD8Function33_81B1525BF256F40725FA019D8189233DLL4from6prefix12availability11SwiftSyntax0g4DeclQ0VAK_SS0A4Core0A12AvailabilityOSgtFZAI04TypeQ0VyKXEfu0_
FNDA:4,$s18AwaitlessKitMacros0A15CompletionMacroV06createD12FunctionBody33_81B1525BF256F40725FA019D8189233DLL16originalFuncName10parameters10isThrowing0R10VoidReturn11SwiftSyntax09CodeBlockW0VSS_AJ0g13ParameterListW0VS2btFZ
FNDA:1,$s18AwaitlessKitMacros0A15CompletionMacroV06createD12FunctionBody33_81B1525BF256F40725FA019D8189233DLL16originalFuncName10parameters10isThrowing0R10VoidReturn11SwiftSyntax09CodeBlockW0VSS_AJ0g13ParameterListW0VS2btFZAJ0xy8ItemListW0VyXEfU_
FNDA:1,$s18AwaitlessKitMacros0A15CompletionMacroV06createD12FunctionBody33_81B1525BF256F40725FA019D8189233DLL16originalFuncName10parameters10isThrowing0R10VoidReturn11SwiftSyntax09CodeBlockW0VSS_AJ0g13ParameterListW0VS2btFZAJ0xy8ItemListW0VyXEfU_APyXEfU_
FNDA:1,$s18AwaitlessKitMacros0A15CompletionMacroV06createD12FunctionBody33_81B1525BF256F40725FA019D8189233DLL16originalFuncName10parameters10isThrowing0R10VoidReturn11SwiftSyntax09CodeBlockW0VSS_AJ0g13ParameterListW0VS2btFZAJ0xy8ItemListW0VyXEfU_APyXEfU_AJ018PatternBindingListW0VyXEfU_
FNDA:1,$s18AwaitlessKitMacros0A15CompletionMacroV06createD12FunctionBody33_81B1525BF256F40725FA019D8189233DLL16originalFuncName10parameters10isThrowing0R10VoidReturn11SwiftSyntax09CodeBlockW0VSS_AJ0g13ParameterListW0VS2btFZAJ0xy8ItemListW0VyXEfU_APyXEfU_AJ015LabeledExprListW0VyXEfU0_
FNDA:1,$s18AwaitlessKitMacros0A15CompletionMacroV06createD12FunctionBody33_81B1525BF256F40725FA019D8189233DLL16originalFuncName10parameters10isThrowing0R10VoidReturn11SwiftSyntax09CodeBlockW0VSS_AJ0g13ParameterListW0VS2btFZAJ0xy8ItemListW0VyXEfU_APyXEfU_AJ015LabeledExprListW0VyXEfU0_ARyXEfU_
FNDA:1,$s18AwaitlessKitMacros0A15CompletionMacroV06createD12FunctionBody33_81B1525BF256F40725FA019D8189233DLL16originalFuncName10parameters10isThrowing0R10VoidReturn11SwiftSyntax09CodeBlockW0VSS_AJ0g13ParameterListW0VS2btFZAJ0xy8ItemListW0VyXEfU_AJ015CatchClauseListW0VyXEfU0_
FNDA:1,$s18AwaitlessKitMacros0A15CompletionMacroV06createD12FunctionBody33_81B1525BF256F40725FA019D8189233DLL16originalFuncName10parameters10isThrowing0R10VoidReturn11SwiftSyntax09CodeBlockW0VSS_AJ0g13ParameterListW0VS2btFZAJ0xy8ItemListW0VyXEfU_AJ015CatchClauseListW0VyXEfU0_APyXEfU_
FNDA:1,$s18AwaitlessKitMacros0A15CompletionMacroV06createD12FunctionBody33_81B1525BF256F40725FA019D8189233DLL16originalFuncName10parameters10isThrowing0R10VoidReturn11SwiftSyntax09CodeBlockW0VSS_AJ0g13ParameterListW0VS2btFZAJ0xy8ItemListW0VyXEfU_AJ015CatchClauseListW0VyXEfU0_APyXEfU_AJ015LabeledExprListW0VyXEfU_
FNDA:1,$s18AwaitlessKitMacros0A15CompletionMacroV06createD12FunctionBody33_81B1525BF256F40725FA019D8189233DLL16originalFuncName10parameters10isThrowing0R10VoidReturn11SwiftSyntax09CodeBlockW0VSS_AJ0g13ParameterListW0VS2btFZAJ0xy8ItemListW0VyXEfU_AJ015CatchClauseListW0VyXEfU0_APyXEfU_AJ015LabeledExprListW0VyXEfU_ATyXEfU_
FNDA:3,$s18AwaitlessKitMacros0A15CompletionMacroV06createD12FunctionBody33_81B1525BF256F40725FA019D8189233DLL16originalFuncName10parameters10isThrowing0R10VoidReturn11SwiftSyntax09CodeBlockW0VSS_AJ0g13ParameterListW0VS2btFZAJ0xy8ItemListW0VyXEfU0_
FNDA:2,$s18AwaitlessKitMacros0A15CompletionMacroV06createD12FunctionBody33_81B1525BF256F40725FA019D8189233DLL16originalFuncName10parameters10isThrowing0R10VoidReturn11SwiftSyntax09CodeBlockW0VSS_AJ0g13ParameterListW0VS2btFZAJ0xy8ItemListW0VyXEfU0_AJ018PatternBindingListW0VyXEfU_
FNDA:3,$s18AwaitlessKitMacros0A15CompletionMacroV06createD12FunctionBody33_81B1525BF256F40725FA019D8189233DLL16originalFuncName10parameters10isThrowing0R10VoidReturn11SwiftSyntax09CodeBlockW0VSS_AJ0g13ParameterListW0VS2btFZAJ0xy8ItemListW0VyXEfU0_AJ015LabeledExprListW0VyXEfU0_
FNDA:3,$s18AwaitlessKitMacros0A15CompletionMacroV06createD12FunctionBody33_81B1525BF256F40725FA019D8189233DLL16originalFuncName10parameters10isThrowing0R10VoidReturn11SwiftSyntax09CodeBlockW0VSS_AJ0g13ParameterListW0VS2btFZAJ0xy8ItemListW0VyXEfU0_AJ015LabeledExprListW0VyXEfU0_ARyXEfU_
FNDA:4,$s18AwaitlessKitMacros0A15CompletionMacroV06createD12FunctionBody33_81B1525BF256F40725FA019D8189233DLL16originalFuncName10parameters10isThrowing0R10VoidReturn11SwiftSyntax09CodeBlockW0VSS_AJ0g13ParameterListW0VS2btFZAJ0xy8ItemListW0VyXEfU1_
FNDA:0,$s18AwaitlessKitMacros0A25CompletionMacroDiagnosticO8severity16SwiftDiagnostics0F8SeverityOvg
FNDA:0,$s18AwaitlessKitMacros0A25CompletionMacroDiagnosticO7messageSSvg
FNDA:0,$s18AwaitlessKitMacros0A25CompletionMacroDiagnosticO12diagnosticID16SwiftDiagnostics07MessageH0Vvg
FNF:22
FNH:18
DA:24,4
DA:25,4
DA:26,0
DA:27,4
DA:28,4
DA:29,0
DA:30,0
DA:31,0
DA:32,0
DA:33,0
DA:34,4
DA:35,4
DA:36,4
DA:37,0
DA:38,0
DA:39,0
DA:40,0
DA:41,0
DA:42,0
DA:43,4
DA:44,4
DA:45,4
DA:46,4
DA:47,4
DA:48,4
DA:49,1
DA:50,1
DA:51,1
DA:52,1
DA:53,1
DA:54,1
DA:55,1
DA:56,1
DA:57,1
DA:58,1
DA:59,1
DA:60,1
DA:61,1
DA:62,1
DA:63,0
DA:64,0
DA:65,0
DA:66,0
DA:67,0
DA:68,1
DA:69,1
DA:70,1
DA:71,1
DA:72,0
DA:73,0
DA:74,0
DA:75,0
DA:76,0
DA:77,0
DA:78,0
DA:79,0
DA:80,0
DA:81,0
DA:82,0
DA:83,0
DA:84,0
DA:85,0
DA:86,0
DA:87,0
DA:88,0
DA:89,0
DA:90,0
DA:91,0
DA:92,0
DA:93,0
DA:94,1
DA:95,1
DA:96,4
DA:97,4
DA:98,4
DA:99,4
DA:100,4
DA:101,4
DA:102,4
DA:110,4
DA:111,4
DA:112,4
DA:113,4
DA:114,4
DA:115,4
DA:116,4
DA:117,4
DA:118,4
DA:119,4
DA:120,4
DA:121,4
DA:122,4
DA:123,4
DA:124,4
DA:125,4
DA:126,4
DA:127,4
DA:128,4
DA:129,0
DA:130,0
DA:131,0
DA:132,0
DA:133,0
DA:134,0
DA:135,0
DA:136,0
DA:137,0
DA:138,0
DA:139,0
DA:140,0
DA:141,0
DA:142,0
DA:143,0
DA:144,4
DA:145,4
DA:146,4
DA:147,4
DA:148,4
DA:149,4
DA:150,4
DA:151,4
DA:152,4
DA:153,4
DA:154,4
DA:155,4
DA:156,4
DA:157,4
DA:158,4
DA:159,4
DA:160,4
DA:161,4
DA:162,0
DA:163,0
DA:164,0
DA:165,0
DA:166,0
DA:167,4
DA:168,4
DA:169,4
DA:170,4
DA:171,4
DA:172,4
DA:173,4
DA:174,4
DA:175,4
DA:176,4
DA:177,4
DA:186,4
DA:187,4
DA:188,4
DA:189,4
DA:190,4
DA:191,4
DA:192,4
DA:193,4
DA:194,4
DA:195,4
DA:196,4
DA:197,4
DA:198,4
DA:199,4
DA:200,4
DA:201,4
DA:202,4
DA:203,4
DA:204,4
DA:205,4
DA:206,1
DA:207,1
DA:208,1
DA:209,1
DA:210,1
DA:211,1
DA:212,1
DA:213,1
DA:214,1
DA:215,1
DA:216,1
DA:217,1
DA:218,1
DA:219,1
DA:220,1
DA:221,1
DA:222,1
DA:223,0
DA:224,0
DA:225,1
DA:226,1
DA:227,1
DA:228,1
DA:229,1
DA:230,1
DA:231,1
DA:232,1
DA:233,1
DA:234,1
DA:235,1
DA:236,1
DA:237,1
DA:238,1
DA:239,1
DA:240,0
DA:241,0
DA:242,0
DA:243,1
DA:244,1
DA:245,1
DA:246,1
DA:247,1
DA:248,1
DA:249,1
DA:250,1
DA:251,1
DA:252,1
DA:253,1
DA:254,1
DA:255,1
DA:256,1
DA:257,1
DA:258,1
DA:259,1
DA:260,1
DA:261,1
DA:262,1
DA:263,1
DA:264,1
DA:265,1
DA:266,1
DA:267,1
DA:268,1
DA:269,1
DA:270,1
DA:271,1
DA:272,1
DA:273,1
DA:274,1
DA:275,1
DA:276,1
DA:277,1
DA:278,1
DA:279,1
DA:280,1
DA:281,3
DA:282,3
DA:283,3
DA:284,2
DA:285,2
DA:286,2
DA:287,2
DA:288,2
DA:289,2
DA:290,2
DA:291,2
DA:292,2
DA:293,1
DA:294,1
DA:295,3
DA:296,3
DA:297,3
DA:298,3
DA:299,3
DA:300,3
DA:301,3
DA:302,3
DA:303,3
DA:304,3
DA:305,3
DA:306,3
DA:307,3
DA:308,1
DA:309,1
DA:310,2
DA:311,2
DA:312,2
DA:313,2
DA:314,2
DA:315,3
DA:316,3
DA:317,3
DA:318,3
DA:319,3
DA:320,3
DA:321,4
DA:322,4
DA:323,4
DA:324,4
DA:325,4
DA:326,4
DA:327,4
DA:328,4
DA:329,4
DA:330,4
DA:331,4
DA:332,4
DA:333,4
DA:334,4
DA:344,0
DA:345,0
DA:346,0
DA:348,0
DA:349,0
DA:350,0
DA:351,0
BRF:0
BRH:0
LF:604
LH:532
end_of_record
SF:/Users/bonkey/Projects/Personal/AwaitlessKit/Sources/AwaitlessKitMacros/AwaitlessConfigMacro.swift
FN:22,$s18AwaitlessKitMacros0A11ConfigMacroV9expansion2of18providingMembersOf12conformingTo2inSay11SwiftSyntax04DeclO0VGAI09AttributeO0V_xSayAI04TypeO0VGq_tKAI0p5GroupO0Rz0noC00E16ExpansionContextR_r0_lFZ
FN:26,$s18AwaitlessKitMacros0A11ConfigMacroV9expansion2of18providingMembersOf12conformingTo2inSay11SwiftSyntax04DeclO0VGAI09AttributeO0V_xSayAI04TypeO0VGq_tKAI0p5GroupO0Rz0noC00E16ExpansionContextR_r0_lFZSbyKXEfu_
FN:27,$s18AwaitlessKitMacros0A11ConfigMacroV9expansion2of18providingMembersOf12conformingTo2inSay11SwiftSyntax04DeclO0VGAI09AttributeO0V_xSayAI04TypeO0VGq_tKAI0p5GroupO0Rz0noC00E16ExpansionContextR_r0_lFZSbyKXEfu0_
FN:48,$s18AwaitlessKitMacros0A11ConfigMacroV22parseConfigurationData33_219A167F6E6DF91E685D5C67F406CDD0LL4from7context0A4Core0adH0V11SwiftSyntax09AttributeV0V_xtK0uvC00E16ExpansionContextRzlFZ
FN:96,$s18AwaitlessKitMacros0A11ConfigMacroV17parseAvailability33_219A167F6E6DF91E685D5C67F406CDD0LL4from7context0A4Core0aG0OSg11SwiftSyntax04ExprU0V_xtK0tuC00E16ExpansionContextRzlFZ
FN:131,$s18AwaitlessKitMacros0A11ConfigMacroV13parseDelivery33_219A167F6E6DF91E685D5C67F406CDD0LL4from7context0A4Core0aG0OSg11SwiftSyntax04ExprU0V_xtK0tuC00E16ExpansionContextRzlFZ
FN:149,$s18AwaitlessKitMacros0A11ConfigMacroV13parseStrategy33_219A167F6E6DF91E685D5C67F406CDD0LL4from7context0A4Core0a15SynchronizationG0OSg11SwiftSyntax04ExprV0V_xtK0uvC00E16ExpansionContextRzlFZ
FN:166,$s18AwaitlessKitMacros0A11ConfigMacroV08generateD8Property33_219A167F6E6DF91E685D5C67F406CDD0LL10configData11SwiftSyntax012VariableDeclT0V0A4Core0adR0V_tKFZ
FN:219,$s18AwaitlessKitMacros0A11ConfigMacroV08generateD8Property33_219A167F6E6DF91E685D5C67F406CDD0LL10configData11SwiftSyntax012VariableDeclT0V0A4Core0adR0V_tKFZAG0v12ModifierListT0VyXEfU_
FN:223,$s18AwaitlessKitMacros0A11ConfigMacroV08generateD8Property33_219A167F6E6DF91E685D5C67F406CDD0LL10configData11SwiftSyntax012VariableDeclT0V0A4Core0adR0V_tKFZAG018PatternBindingListT0VyXEfU0_
FN:240,$s18AwaitlessKitMacros0A11ConfigMacroV28createAvailabilityExpression33_219A167F6E6DF91E685D5C67F406CDD0LLy11SwiftSyntax04ExprS0V0A4Core0aG0OFZ
FN:251,$s18AwaitlessKitMacros0A11ConfigMacroV28createAvailabilityExpression33_219A167F6E6DF91E685D5C67F406CDD0LLy11SwiftSyntax04ExprS0V0A4Core0aG0OFZAF07Labeledt4ListS0VyXEfU_
FN:272,$s18AwaitlessKitMacros0A11ConfigMacroV28createAvailabilityExpression33_219A167F6E6DF91E685D5C67F406CDD0LLy11SwiftSyntax04ExprS0V0A4Core0aG0OFZAF07Labeledt4ListS0VyXEfU0_
FN:288,$s18AwaitlessKitMacros0A11ConfigMacroV24createDeliveryExpression33_219A167F6E6DF91E685D5C67F406CDD0LLy11SwiftSyntax04ExprS0V0A4Core0aG0OFZ
FN:302,$s18AwaitlessKitMacros0A11ConfigMacroV24createStrategyExpression33_219A167F6E6DF91E685D5C67F406CDD0LLy11SwiftSyntax04ExprS0V0A4Core0a15SynchronizationG0OFZ
FN:322,$s18AwaitlessKitMacros0A21ConfigMacroDiagnosticO8severity16SwiftDiagnostics0F8SeverityOvg
FN:326,$s18AwaitlessKitMacros0A21ConfigMacroDiagnosticO7messageSSvg
FN:327,$s18AwaitlessKitMacros0A21ConfigMacroDiagnosticO12diagnosticID16SwiftDiagnostics07MessageH0Vvg
FNDA:7,$s18AwaitlessKitMacros0A11ConfigMacroV9expansion2of18providingMembersOf12conformingTo2inSay11SwiftSyntax04DeclO0VGAI09AttributeO0V_xSayAI04TypeO0VGq_tKAI0p5GroupO0Rz0noC00E16ExpansionContextR_r0_lFZ
FNDA:2,$s18AwaitlessKitMacros0A11ConfigMacroV9expansion2of18providingMembersOf12conformingTo2inSay11SwiftSyntax04DeclO0VGAI09AttributeO0V_xSayAI04TypeO0VGq_tKAI0p5GroupO0Rz0noC00E16ExpansionContextR_r0_lFZSbyKXEfu_
FNDA:1,$s18AwaitlessKitMacros0A11ConfigMacroV9expansion2of18providingMembersOf12conformingTo2inSay11SwiftSyntax04DeclO0VGAI09AttributeO0V_xSayAI04TypeO0VGq_tKAI0p5GroupO0Rz0noC00E16ExpansionContextR_r0_lFZSbyKXEfu0_
FNDA:7,$s18AwaitlessKitMacros0A11ConfigMacroV22parseConfigurationData33_219A167F6E6DF91E685D5C67F406CDD0LL4from7context0A4Core0adH0V11SwiftSyntax09AttributeV0V_xtK0uvC00E16ExpansionContextRzlFZ
FNDA:2,$s18AwaitlessKitMacros0A11ConfigMacroV17parseAvailability33_219A167F6E6DF91E685D5C67F406CDD0LL4from7context0A4Core0aG0OSg11SwiftSyntax04ExprU0V_xtK0tuC00E16ExpansionContextRzlFZ
FNDA:2,$s18AwaitlessKitMacros0A11ConfigMacroV13parseDelivery33_219A167F6E6DF91E685D5C67F406CDD0LL4from7context0A4Core0aG0OSg11SwiftSyntax04ExprU0V_xtK0tuC00E16ExpansionContextRzlFZ
FNDA:1,$s18AwaitlessKitMacros0A11ConfigMacroV13parseStrategy33_219A167F6E6DF91E685D5C67F406CDD0LL4from7context0A4Core0a15SynchronizationG0OSg11SwiftSyntax04ExprV0V_xtK0uvC00E16ExpansionContextRzlFZ
FNDA:7,$s18AwaitlessKitMacros0A11ConfigMacroV08generateD8Property33_219A167F6E6DF91E685D5C67F406CDD0LL10configData11SwiftSyntax012VariableDeclT0V0A4Core0adR0V_tKFZ
FNDA:7,$s18AwaitlessKitMacros0A11ConfigMacroV08generateD8Property33_219A167F6E6DF91E685D5C67F406CDD0LL10configData11SwiftSyntax012VariableDeclT0V0A4Core0adR0V_tKFZAG0v12ModifierListT0VyXEfU_
FNDA:7,$s18AwaitlessKitMacros0A11ConfigMacroV08generateD8Property33_219A167F6E6DF91E685D5C67F406CDD0LL10configData11SwiftSyntax012VariableDeclT0V0A4Core0adR0V_tKFZAG018PatternBindingListT0VyXEfU0_
FNDA:2,$s18AwaitlessKitMacros0A11ConfigMacroV28createAvailabilityExpression33_219A167F6E6DF91E685D5C67F406CDD0LLy11SwiftSyntax04ExprS0V0A4Core0aG0OFZ
FNDA:1,$s18AwaitlessKitMacros0A11ConfigMacroV28createAvailabilityExpression33_219A167F6E6DF91E685D5C67F406CDD0LLy11SwiftSyntax04ExprS0V0A4Core0aG0OFZAF07Labeledt4ListS0VyXEfU_
FNDA:1,$s18AwaitlessKitMacros0A11ConfigMacroV28createAvailabilityExpression33_219A167F6E6DF91E685D5C67F406CDD0LLy11SwiftSyntax04ExprS0V0A4Core0aG0OFZAF07Labeledt4ListS0VyXEfU0_
FNDA:2,$s18AwaitlessKitMacros0A11ConfigMacroV24createDeliveryExpression33_219A167F6E6DF91E685D5C67F406CDD0LLy11SwiftSyntax04ExprS0V0A4Core0aG0OFZ
FNDA:1,$s18AwaitlessKitMacros0A11ConfigMacroV24createStrategyExpression33_219A167F6E6DF91E685D5C67F406CDD0LLy11SwiftSyntax04ExprS0V0A4Core0a15SynchronizationG0OFZ
FNDA:0,$s18AwaitlessKitMacros0A21ConfigMacroDiagnosticO8severity16SwiftDiagnostics0F8SeverityOvg
FNDA:0,$s18AwaitlessKitMacros0A21ConfigMacroDiagnosticO7messageSSvg
FNDA:0,$s18AwaitlessKitMacros0A21ConfigMacroDiagnosticO12diagnosticID16SwiftDiagnostics07MessageH0Vvg
FNF:18
FNH:15
DA:22,7
DA:23,7
DA:24,7
DA:25,7
DA:26,7
DA:27,7
DA:28,0
DA:29,0
DA:30,0
DA:31,0
DA:32,0
DA:33,7
DA:34,7
DA:35,7
DA:36,7
DA:37,7
DA:38,7
DA:39,7
DA:40,7
DA:41,7
DA:42,7
DA:48,7
DA:49,7
DA:50,7
DA:51,7
DA:52,7
DA:53,7
DA:54,7
DA:55,0
DA:56,0
DA:57,7
DA:58,7
DA:59,10
DA:60,10
DA:61,10
DA:62,10
DA:63,10
DA:64,5
DA:65,5
DA:66,5
DA:67,5
DA:68,10
DA:69,10
DA:70,2
DA:71,10
DA:72,10
DA:73,2
DA:74,10
DA:75,10
DA:76,1
DA:77,10
DA:78,10
DA:79,0
DA:80,0
DA:81,10
DA:82,10
DA:83,7
DA:84,7
DA:85,7
DA:86,7
DA:87,7
DA:88,7
DA:89,7
DA:90,7
DA:96,2
DA:97,2
DA:98,0
DA:99,0
DA:100,0
DA:101,0
DA:102,0
DA:103,0
DA:104,0
DA:105,0
DA:106,0
DA:107,2
DA:108,2
DA:109,2
DA:110,2
DA:111,2
DA:112,2
DA:113,2
DA:114,2
DA:115,2
DA:116,1
DA:117,2
DA:118,1
DA:119,2
DA:120,0
DA:121,2
DA:122,2
DA:123,0
DA:124,0
DA:125,2
DA:131,2
DA:132,2
DA:133,2
DA:134,2
DA:135,1
DA:136,2
DA:137,1
DA:138,2
DA:139,0
DA:140,2
DA:141,2
DA:142,0
DA:143,2
DA:149,1
DA:150,1
DA:151,1
DA:152,1
DA:153,0
DA:154,1
DA:155,1
DA:156,1
DA:157,0
DA:158,1
DA:159,1
DA:160,0
DA:161,1
DA:166,7
DA:167,7
DA:168,7
DA:169,7
DA:170,7
DA:171,7
DA:172,5
DA:173,5
DA:174,5
DA:175,5
DA:176,5
DA:177,5
DA:178,7
DA:179,7
DA:180,2
DA:181,2
DA:182,2
DA:183,2
DA:184,2
DA:185,2
DA:186,7
DA:187,7
DA:188,2
DA:189,2
DA:190,2
DA:191,2
DA:192,2
DA:193,2
DA:194,7
DA:195,7
DA:196,1
DA:197,1
DA:198,1
DA:199,1
DA:200,1
DA:201,1
DA:202,7
DA:203,7
DA:204,10
DA:205,10
DA:206,4
DA:207,4
DA:208,10
DA:209,7
DA:210,7
DA:211,7
DA:212,7
DA:213,7
DA:214,7
DA:215,7
DA:216,7
DA:217,7
DA:218,7
DA:219,7
DA:220,7
DA:221,7
DA:222,7
DA:223,7
DA:224,7
DA:225,7
DA:226,7
DA:227,7
DA:228,7
DA:229,7
DA:230,7
DA:231,7
DA:232,7
DA:233,7
DA:234,7
DA:235,7
DA:236,7
DA:237,7
DA:240,2
DA:241,2
DA:242,2
DA:243,1
DA:244,1
DA:245,1
DA:246,1
DA:247,1
DA:248,1
DA:249,1
DA:250,1
DA:251,1
DA:252,1
DA:253,1
DA:254,1
DA:255,1
DA:256,1
DA:257,0
DA:258,0
DA:259,0
DA:260,0
DA:261,0
DA:262,0
DA:263,2
DA:264,1
DA:265,1
DA:266,1
DA:267,1
DA:268,1
DA:269,1
DA:270,1
DA:271,1
DA:272,1
DA:273,1
DA:274,1
DA:275,1
DA:276,1
DA:277,1
DA:278,0
DA:279,0
DA:280,0
DA:281,0
DA:282,0
DA:283,0
DA:284,2
DA:285,2
DA:288,2
DA:289,2
DA:290,2
DA:291,2
DA:292,2
DA:293,2
DA:294,2
DA:295,2
DA:296,2
DA:297,2
DA:298,2
DA:299,2
DA:302,1
DA:303,1
DA:304,1
DA:305,1
DA:306,1
DA:307,1
DA:308,1
DA:309,1
DA:310,1
DA:311,1
DA:312,1
DA:313,1
DA:322,0
DA:323,0
DA:324,0
DA:326,0
DA:327,0
DA:328,0
DA:329,0
BRF:0
BRH:0
LF:293
LH:248
end_of_record
SF:/Users/bonkey/Projects/Personal/AwaitlessKit/Sources/AwaitlessKitMacros/AwaitlessFreestandingMacro.swift
FN:22,$s18AwaitlessKitMacros0A17FreestandingMacroV9expansion2of2in11SwiftSyntax04ExprJ0Vx_q_tKAG0de9ExpansionJ0Rz0ijC00eL7ContextR_r0_lFZ
FN:49,$s18AwaitlessKitMacros0A17FreestandingMacroV9expansion2of2in11SwiftSyntax04ExprJ0Vx_q_tKAG0de9ExpansionJ0Rz0ijC00eL7ContextR_r0_lFZAG017CodeBlockItemListJ0VyXEfU_
FN:64,$s18AwaitlessKitMacros0A17FreestandingMacroV9expansion2of2in11SwiftSyntax04ExprJ0Vx_q_tKAG0de9ExpansionJ0Rz0ijC00eL7ContextR_r0_lFZAG07Labeledk4ListJ0VyXEfU0_
FN:77,$s18AwaitlessKitMacros0A27FreestandingMacroDiagnosticO8severity16SwiftDiagnostics0F8SeverityOvg
FN:78,$s18AwaitlessKitMacros0A27FreestandingMacroDiagnosticO7messageSSvg
FN:79,$s18AwaitlessKitMacros0A27FreestandingMacroDiagnosticO12diagnosticID16SwiftDiagnostics07MessageH0Vvg
FNDA:28,$s18AwaitlessKitMacros0A17FreestandingMacroV9expansion2of2in11SwiftSyntax04ExprJ0Vx_q_tKAG0de9ExpansionJ0Rz0ijC00eL7ContextR_r0_lFZ
FNDA:28,$s18AwaitlessKitMacros0A17FreestandingMacroV9expansion2of2in11SwiftSyntax04ExprJ0Vx_q_tKAG0de9ExpansionJ0Rz0ijC00eL7ContextR_r0_lFZAG017CodeBlockItemListJ0VyXEfU_
FNDA:28,$s18AwaitlessKitMacros0A17FreestandingMacroV9expansion2of2in11SwiftSyntax04ExprJ0Vx_q_tKAG0de9ExpansionJ0Rz0ijC00eL7ContextR_r0_lFZAG07Labeledk4ListJ0VyXEfU0_
FNDA:0,$s18AwaitlessKitMacros0A27FreestandingMacroDiagnosticO8severity16SwiftDiagnostics0F8SeverityOvg
FNDA:0,$s18AwaitlessKitMacros0A27FreestandingMacroDiagnosticO7messageSSvg
FNDA:0,$s18AwaitlessKitMacros0A27FreestandingMacroDiagnosticO12diagnosticID16SwiftDiagnostics07MessageH0Vvg
FNF:6
FNH:3
DA:22,28
DA:23,28
DA:24,28
DA:25,0
DA:26,0
DA:27,0
DA:28,0
DA:29,0
DA:30,28
DA:31,28
DA:32,28
DA:33,28
DA:34,28
DA:35,3
DA:36,3
DA:37,3
DA:38,28
DA:39,28
DA:40,28
DA:41,28
DA:42,28
DA:43,28
DA:44,28
DA:45,28
DA:46,28
DA:47,28
DA:48,28
DA:49,28
DA:50,28
DA:51,28
DA:52,28
DA:53,28
DA:54,28
DA:55,28
DA:56,28
DA:57,28
DA:58,28
DA:59,28
DA:60,28
DA:61,28
DA:62,28
DA:63,28
DA:64,28
DA:65,28
DA:66,28
DA:67,28
DA:68,28
DA:77,0
DA:78,0
DA:79,0
DA:80,0
DA:81,0
BRF:0
BRH:0
LF:62
LH:52
end_of_record
SF:/Users/bonkey/Projects/Personal/AwaitlessKit/Sources/AwaitlessKitMacros/AwaitlessKitMacrosPlugin.swift
FN:10,$s18AwaitlessKitMacros0abC6PluginV09providingC0Say011SwiftSyntaxC05Macro_pXpGvpfi
FNDA:0,$s18AwaitlessKitMacros0abC6PluginV09providingC0Say011SwiftSyntaxC05Macro_pXpGvpfi
FNF:1
FNH:0
DA:10,0
DA:11,0
DA:12,0
DA:13,0
DA:14,0
DA:15,0
DA:16,0
DA:17,0
DA:18,0
BRF:0
BRH:0
LF:9
LH:0
end_of_record
SF:/Users/bonkey/Projects/Personal/AwaitlessKit/Sources/AwaitlessKitMacros/AwaitlessMacroHelpers.swift
FN:30,$s18AwaitlessKitMacros20resolveConfiguration12methodPrefix0F12Availability0F8Delivery0F8Strategy15typeDeclaration07builtInG00mnH00mnI00mnJ00A4Core0A10ConfigDataVSSSg_AL0aH0OSgAL0aI0OSgAL0a15SynchronizationJ0OSg11SwiftSyntax09DeclGroupT0_pSgSSArtWtF
FN:44,$s18AwaitlessKitMacros20resolveConfiguration12methodPrefix0F12Availability0F8Delivery0F8Strategy15typeDeclaration07builtInG00mnH00mnI00mnJ00A4Core0A10ConfigDataVSSSg_AL0aH0OSgAL0aI0OSgAL0a15SynchronizationJ0OSg11SwiftSyntax09DeclGroupT0_pSgSSArtWtFSSyKXEfu_
FN:44,$s18AwaitlessKitMacros20resolveConfiguration12methodPrefix0F12Availability0F8Delivery0F8Strategy15typeDeclaration07builtInG00mnH00mnI00mnJ00A4Core0A10ConfigDataVSSSg_AL0aH0OSgAL0aI0OSgAL0a15SynchronizationJ0OSg11SwiftSyntax09DeclGroupT0_pSgSSArtWtFSSyKXEfu_SSyKXEfu0_
FN:44,$s18AwaitlessKitMacros20resolveConfiguration12methodPrefix0F12Availability0F8Delivery0F8Strategy15typeDeclaration07builtInG00mnH00mnI00mnJ00A4Core0A10ConfigDataVSSSg_AL0aH0OSgAL0aI0OSgAL0a15SynchronizationJ0OSg11SwiftSyntax09DeclGroupT0_pSgSSArtWtFSSyKXEfu_SSyKXEfu0_SSyKXEfu1_
FN:45,$s18AwaitlessKitMacros20resolveConfiguration12methodPrefix0F12Availability0F8Delivery0F8Strategy15typeDeclaration07builtInG00mnH00mnI00mnJ00A4Core0A10ConfigDataVSSSg_AL0aH0OSgAL0aI0OSgAL0a15SynchronizationJ0OSg11SwiftSyntax09DeclGroupT0_pSgSSArtWtFARyKXEfu2_
FN:45,$s18AwaitlessKitMacros20resolveConfiguration12methodPrefix0F12Availability0F8Delivery0F8Strategy15typeDeclaration07builtInG00mnH00mnI00mnJ00A4Core0A10ConfigDataVSSSg_AL0aH0OSgAL0aI0OSgAL0a15SynchronizationJ0OSg11SwiftSyntax09DeclGroupT0_pSgSSArtWtFARyKXEfu2_ARyKXEfu3_
FN:45,$s18AwaitlessKitMacros20resolveConfiguration12methodPrefix0F12Availability0F8Delivery0F8Strategy15typeDeclaration07builtInG00mnH00mnI00mnJ00A4Core0A10ConfigDataVSSSg_AL0aH0OSgAL0aI0OSgAL0a15SynchronizationJ0OSg11SwiftSyntax09DeclGroupT0_pSgSSArtWtFARyKXEfu2_ARyKXEfu3_ARyKXEfu4_
FN:46,$s18AwaitlessKitMacros20resolveConfiguration12methodPrefix0F12Availability0F8Delivery0F8Strategy15typeDeclaration07builtInG00mnH00mnI00mnJ00A4Core0A10ConfigDataVSSSg_AL0aH0OSgAL0aI0OSgAL0a15SynchronizationJ0OSg11SwiftSyntax09DeclGroupT0_pSgSSArtWtFATyKXEfu5_
FN:46,$s18AwaitlessKitMacros20resolveConfiguration12methodPrefix0F12Availability0F8Delivery0F8Strategy15typeDeclaration07builtInG00mnH00mnI00mnJ00A4Core0A10ConfigDataVSSSg_AL0aH0OSgAL0aI0OSgAL0a15SynchronizationJ0OSg11SwiftSyntax09DeclGroupT0_pSgSSArtWtFATyKXEfu5_ATyKXEfu6_
FN:46,$s18AwaitlessKitMacros20resolveConfiguration12methodPrefix0F12Availability0F8Delivery0F8Strategy15typeDeclaration07builtInG00mnH00mnI00mnJ00A4Core0A10ConfigDataVSSSg_AL0aH0OSgAL0aI0OSgAL0a15SynchronizationJ0OSg11SwiftSyntax09DeclGroupT0_pSgSSArtWtFATyKXEfu5_ATyKXEfu6_ATyKXEfu7_
FN:47,$s18AwaitlessKitMacros20resolveConfiguration12methodPrefix0F12Availability0F8Delivery0F8Strategy15typeDeclaration07builtInG00mnH00mnI00mnJ00A4Core0A10ConfigDataVSSSg_AL0aH0OSgAL0aI0OSgAL0a15SynchronizationJ0OSg11SwiftSyntax09DeclGroupT0_pSgSSArtWtFAWyKXEfu8_
FN:47,$s18AwaitlessKitMacros20resolveConfiguration12methodPrefix0F12Availability0F8Delivery0F8Strategy15typeDeclaration07builtInG00mnH00mnI00mnJ00A4Core0A10ConfigDataVSSSg_AL0aH0OSgAL0aI0OSgAL0a15SynchronizationJ0OSg11SwiftSyntax09DeclGroupT0_pSgSSArtWtFAWyKXEfu8_AWyKXEfu9_
FN:47,$s18AwaitlessKitMacros20resolveConfiguration12methodPrefix0F12Availability0F8Delivery0F8Strategy15typeDeclaration07builtInG00mnH00mnI00mnJ00A4Core0A10ConfigDataVSSSg_AL0aH0OSgAL0aI0OSgAL0a15SynchronizationJ0OSg11SwiftSyntax09DeclGroupT0_pSgSSArtWtFAWyKXEfu8_AWyKXEfu9_AWyKXEfu10_
FN:52,$s18AwaitlessKitMacros24extractTypeConfiguration33_294DD4DCD0975E58915DBED731D5E511LL4from0A4Core0A10ConfigDataVSg11SwiftSyntax09DeclGroupR0_p_tF
FN:56,$s18AwaitlessKitMacros24extractTypeConfiguration33_294DD4DCD0975E58915DBED731D5E511LL4from0A4Core0A10ConfigDataVSg11SwiftSyntax09DeclGroupR0_p_tFSbAI0s8ModifierR0VXEfU_
FN:73,$s18AwaitlessKitMacros18createArgumentList4from11SwiftSyntax011LabeledExprfI0VAD017FunctionParameterfI0V_tF
FN:74,$s18AwaitlessKitMacros18createArgumentList4from11SwiftSyntax011LabeledExprfI0VAD017FunctionParameterfI0V_tFAD0jkI0VSi_AD0lmI0VtXEfU_
FN:77,$s18AwaitlessKitMacros18createArgumentList4from11SwiftSyntax011LabeledExprfI0VAD017FunctionParameterfI0V_tFAD0jkI0VSi_AD0lmI0VtXEfU_AD05TokenI0VyKXEfu_
FN:105,$s18AwaitlessKitMacros16filterAttributesy11SwiftSyntax013AttributeListG0VAEF
FN:106,$s18AwaitlessKitMacros16filterAttributesy11SwiftSyntax013AttributeListG0VAEFSbAE7ElementOXEfU_
FN:109,$s18AwaitlessKitMacros16filterAttributesy11SwiftSyntax013AttributeListG0VAEFSbAE7ElementOXEfU_SbyKXEfu_
FN:109,$s18AwaitlessKitMacros16filterAttributesy11SwiftSyntax013AttributeListG0VAEFSbAE7ElementOXEfU_SbyKXEfu0_
FN:121,$s18AwaitlessKitMacros17extractReturnType8funcDecl11SwiftSyntax0fJ0VSg_SbtAD08FunctionhJ0V_tF
FN:145,$s18AwaitlessKitMacros27createAvailabilityAttribute16originalFuncName12availability11SwiftSyntax0fL0VSS_0A4Core0aE0OtF
FN:148,$s18AwaitlessKitMacros27createAvailabilityAttribute16originalFuncName12availability11SwiftSyntax0fL0VSS_0A4Core0aE0OtFSSyKXEfu_
FN:153,$s18AwaitlessKitMacros27createAvailabilityAttribute16originalFuncName12availability11SwiftSyntax0fL0VSS_0A4Core0aE0OtFAE015LabeledExprListL0VyXEfU_
FN:170,$s18AwaitlessKitMacros27createAvailabilityAttribute16originalFuncName12availability11SwiftSyntax0fL0VSS_0A4Core0aE0OtFSSyKXEfu0_
FN:175,$s18AwaitlessKitMacros27createAvailabilityAttribute16originalFuncName12availability11SwiftSyntax0fL0VSS_0A4Core0aE0OtFAE015LabeledExprListL0VyXEfU0_
FNDA:27,$s18AwaitlessKitMacros20resolveConfiguration12methodPrefix0F12Availability0F8Delivery0F8Strategy15typeDeclaration07builtInG00mnH00mnI00mnJ00A4Core0A10ConfigDataVSSSg_AL0aH0OSgAL0aI0OSgAL0a15SynchronizationJ0OSg11SwiftSyntax09DeclGroupT0_pSgSSArtWtF
FNDA:24,$s18AwaitlessKitMacros20resolveConfiguration12methodPrefix0F12Availability0F8Delivery0F8Strategy15typeDeclaration07builtInG00mnH00mnI00mnJ00A4Core0A10ConfigDataVSSSg_AL0aH0OSgAL0aI0OSgAL0a15SynchronizationJ0OSg11SwiftSyntax09DeclGroupT0_pSgSSArtWtFSSyKXEfu_
FNDA:24,$s18AwaitlessKitMacros20resolveConfiguration12methodPrefix0F12Availability0F8Delivery0F8Strategy15typeDeclaration07builtInG00mnH00mnI00mnJ00A4Core0A10ConfigDataVSSSg_AL0aH0OSgAL0aI0OSgAL0a15SynchronizationJ0OSg11SwiftSyntax09DeclGroupT0_pSgSSArtWtFSSyKXEfu_SSyKXEfu0_
FNDA:24,$s18AwaitlessKitMacros20resolveConfiguration12methodPrefix0F12Availability0F8Delivery0F8Strategy15typeDeclaration07builtInG00mnH00mnI00mnJ00A4Core0A10ConfigDataVSSSg_AL0aH0OSgAL0aI0OSgAL0a15SynchronizationJ0OSg11SwiftSyntax09DeclGroupT0_pSgSSArtWtFSSyKXEfu_SSyKXEfu0_SSyKXEfu1_
FNDA:22,$s18AwaitlessKitMacros20resolveConfiguration12methodPrefix0F12Availability0F8Delivery0F8Strategy15typeDeclaration07builtInG00mnH00mnI00mnJ00A4Core0A10ConfigDataVSSSg_AL0aH0OSgAL0aI0OSgAL0a15SynchronizationJ0OSg11SwiftSyntax09DeclGroupT0_pSgSSArtWtFARyKXEfu2_
FNDA:22,$s18AwaitlessKitMacros20resolveConfiguration12methodPrefix0F12Availability0F8Delivery0F8Strategy15typeDeclaration07builtInG00mnH00mnI00mnJ00A4Core0A10ConfigDataVSSSg_AL0aH0OSgAL0aI0OSgAL0a15SynchronizationJ0OSg11SwiftSyntax09DeclGroupT0_pSgSSArtWtFARyKXEfu2_ARyKXEfu3_
FNDA:22,$s18AwaitlessKitMacros20resolveConfiguration12methodPrefix0F12Availability0F8Delivery0F8Strategy15typeDeclaration07builtInG00mnH00mnI00mnJ00A4Core0A10ConfigDataVSSSg_AL0aH0OSgAL0aI0OSgAL0a15SynchronizationJ0OSg11SwiftSyntax09DeclGroupT0_pSgSSArtWtFARyKXEfu2_ARyKXEfu3_ARyKXEfu4_
FNDA:27,$s18AwaitlessKitMacros20resolveConfiguration12methodPrefix0F12Availability0F8Delivery0F8Strategy15typeDeclaration07builtInG00mnH00mnI00mnJ00A4Core0A10ConfigDataVSSSg_AL0aH0OSgAL0aI0OSgAL0a15SynchronizationJ0OSg11SwiftSyntax09DeclGroupT0_pSgSSArtWtFATyKXEfu5_
FNDA:27,$s18AwaitlessKitMacros20resolveConfiguration12methodPrefix0F12Availability0F8Delivery0F8Strategy15typeDeclaration07builtInG00mnH00mnI00mnJ00A4Core0A10ConfigDataVSSSg_AL0aH0OSgAL0aI0OSgAL0a15SynchronizationJ0OSg11SwiftSyntax09DeclGroupT0_pSgSSArtWtFATyKXEfu5_ATyKXEfu6_
FNDA:27,$s18AwaitlessKitMacros20resolveConfiguration12methodPrefix0F12Availability0F8Delivery0F8Strategy15typeDeclaration07builtInG00mnH00mnI00mnJ00A4Core0A10ConfigDataVSSSg_AL0aH0OSgAL0aI0OSgAL0a15SynchronizationJ0OSg11SwiftSyntax09DeclGroupT0_pSgSSArtWtFATyKXEfu5_ATyKXEfu6_ATyKXEfu7_
FNDA:27,$s18AwaitlessKitMacros20resolveConfiguration12methodPrefix0F12Availability0F8Delivery0F8Strategy15typeDeclaration07builtInG00mnH00mnI00mnJ00A4Core0A10ConfigDataVSSSg_AL0aH0OSgAL0aI0OSgAL0a15SynchronizationJ0OSg11SwiftSyntax09DeclGroupT0_pSgSSArtWtFAWyKXEfu8_
FNDA:27,$s18AwaitlessKitMacros20resolveConfiguration12methodPrefix0F12Availability0F8Delivery0F8Strategy15typeDeclaration07builtInG00mnH00mnI00mnJ00A4Core0A10ConfigDataVSSSg_AL0aH0OSgAL0aI0OSgAL0a15SynchronizationJ0OSg11SwiftSyntax09DeclGroupT0_pSgSSArtWtFAWyKXEfu8_AWyKXEfu9_
FNDA:27,$s18AwaitlessKitMacros20resolveConfiguration12methodPrefix0F12Availability0F8Delivery0F8Strategy15typeDeclaration07builtInG00mnH00mnI00mnJ00A4Core0A10ConfigDataVSSSg_AL0aH0OSgAL0aI0OSgAL0a15SynchronizationJ0OSg11SwiftSyntax09DeclGroupT0_pSgSSArtWtFAWyKXEfu8_AWyKXEfu9_AWyKXEfu10_
FNDA:0,$s18AwaitlessKitMacros24extractTypeConfiguration33_294DD4DCD0975E58915DBED731D5E511LL4from0A4Core0A10ConfigDataVSg11SwiftSyntax09DeclGroupR0_p_tF
FNDA:0,$s18AwaitlessKitMacros24extractTypeConfiguration33_294DD4DCD0975E58915DBED731D5E511LL4from0A4Core0A10ConfigDataVSg11SwiftSyntax09DeclGroupR0_p_tFSbAI0s8ModifierR0VXEfU_
FNDA:35,$s18AwaitlessKitMacros18createArgumentList4from11SwiftSyntax011LabeledExprfI0VAD017FunctionParameterfI0V_tF
FNDA:37,$s18AwaitlessKitMacros18createArgumentList4from11SwiftSyntax011LabeledExprfI0VAD017FunctionParameterfI0V_tFAD0jkI0VSi_AD0lmI0VtXEfU_
FNDA:20,$s18AwaitlessKitMacros18createArgumentList4from11SwiftSyntax011LabeledExprfI0VAD017FunctionParameterfI0V_tFAD0jkI0VSi_AD0lmI0VtXEfU_AD05TokenI0VyKXEfu_
FNDA:35,$s18AwaitlessKitMacros16filterAttributesy11SwiftSyntax013AttributeListG0VAEF
FNDA:35,$s18AwaitlessKitMacros16filterAttributesy11SwiftSyntax013AttributeListG0VAEFSbAE7ElementOXEfU_
FNDA:8,$s18AwaitlessKitMacros16filterAttributesy11SwiftSyntax013AttributeListG0VAEFSbAE7ElementOXEfU_SbyKXEfu_
FNDA:4,$s18AwaitlessKitMacros16filterAttributesy11SwiftSyntax013AttributeListG0VAEFSbAE7ElementOXEfU_SbyKXEfu0_
FNDA:35,$s18AwaitlessKitMacros17extractReturnType8funcDecl11SwiftSyntax0fJ0VSg_SbtAD08FunctionhJ0V_tF
FNDA:0,$s18AwaitlessKitMacros27createAvailabilityAttribute16originalFuncName12availability11SwiftSyntax0fL0VSS_0A4Core0aE0OtF
FNDA:0,$s18AwaitlessKitMacros27createAvailabilityAttribute16originalFuncName12availability11SwiftSyntax0fL0VSS_0A4Core0aE0OtFSSyKXEfu_
FNDA:0,$s18AwaitlessKitMacros27createAvailabilityAttribute16originalFuncName12availability11SwiftSyntax0fL0VSS_0A4Core0aE0OtFAE015LabeledExprListL0VyXEfU_
FNDA:0,$s18AwaitlessKitMacros27createAvailabilityAttribute16originalFuncName12availability11SwiftSyntax0fL0VSS_0A4Core0aE0OtFSSyKXEfu0_
FNDA:0,$s18AwaitlessKitMacros27createAvailabilityAttribute16originalFuncName12availability11SwiftSyntax0fL0VSS_0A4Core0aE0OtFAE015LabeledExprListL0VyXEfU0_
FNF:28
FNH:21
DA:30,27
DA:31,27
DA:32,27
DA:33,27
DA:34,27
DA:35,0
DA:36,0
DA:37,27
DA:38,27
DA:39,27
DA:40,27
DA:41,27
DA:42,27
DA:43,27
DA:44,27
DA:45,27
DA:46,27
DA:47,27
DA:48,27
DA:49,27
DA:52,0
DA:53,0
DA:54,0
DA:55,0
DA:56,0
DA:57,0
DA:58,0
DA:59,0
DA:60,0
DA:61,0
DA:62,0
DA:63,0
DA:64,0
DA:65,0
DA:66,0
DA:67,0
DA:68,0
DA:73,35
DA:74,37
DA:75,37
DA:76,37
DA:77,37
DA:78,37
DA:79,37
DA:80,37
DA:81,37
DA:82,2
DA:83,35
DA:84,35
DA:85,35
DA:86,37
DA:87,37
DA:88,37
DA:89,37
DA:90,10
DA:91,10
DA:92,10
DA:93,27
DA:94,27
DA:95,27
DA:96,27
DA:97,27
DA:98,27
DA:99,27
DA:100,37
DA:101,35
DA:102,35
DA:105,35
DA:106,35
DA:107,35
DA:108,35
DA:109,35
DA:110,35
DA:111,35
DA:112,35
DA:113,0
DA:114,35
DA:115,35
DA:121,35
DA:122,35
DA:123,32
DA:124,32
DA:125,32
DA:126,1
DA:127,31
DA:128,31
DA:129,0
DA:130,31
DA:131,31
DA:132,31
DA:133,31
DA:134,32
DA:135,3
DA:136,3
DA:137,3
DA:138,35
DA:145,0
DA:146,0
DA:147,0
DA:148,0
DA:149,0
DA:150,0
DA:151,0
DA:152,0
DA:153,0
DA:154,0
DA:155,0
DA:156,0
DA:157,0
DA:158,0
DA:159,0
DA:160,0
DA:161,0
DA:162,0
DA:163,0
DA:164,0
DA:165,0
DA:166,0
DA:167,0
DA:168,0
DA:169,0
DA:170,0
DA:171,0
DA:172,0
DA:173,0
DA:174,0
DA:175,0
DA:176,0
DA:177,0
DA:178,0
DA:179,0
DA:180,0
DA:181,0
DA:182,0
DA:183,0
DA:184,0
DA:185,0
DA:186,0
DA:187,0
BRF:0
BRH:0
LF:217
LH:126
end_of_record
SF:/Users/bonkey/Projects/Personal/AwaitlessKit/Sources/AwaitlessKitMacros/AwaitlessPublisherMacro.swift
FN:27,$s18AwaitlessKitMacros0A14PublisherMacroV9expansion2of16providingPeersOf2inSay11SwiftSyntax04DeclM0VGAH09AttributeM0V_xq_tKAH0nM8ProtocolRz0lmC00E16ExpansionContextR_r0_lFZ
FN:127,$s18AwaitlessKitMacros0A14PublisherMacroV06createD8Function33_2FAAAD15B3DAB3FAAD159F745E311040LL4from6prefix12availability8delivery11SwiftSyntax0g4DeclS0VAL_SS0A4Core0A12AvailabilityOSgAM0A8DeliveryOtFZ
FN:133,$s18AwaitlessKitMacros0A14PublisherMacroV06createD8Function33_2FAAAD15B3DAB3FAAD159F745E311040LL4from6prefix12availability8delivery11SwiftSyntax0g4DeclS0VAL_SS0A4Core0A12AvailabilityOSgAM0A8DeliveryOtFZSbyKXEfu_
FN:198,$s18AwaitlessKitMacros0A14PublisherMacroV06createD12FunctionBody33_2FAAAD15B3DAB3FAAD159F745E311040LL16originalFuncName10parameters10isThrowing10returnType8delivery11SwiftSyntax09CodeBlockY0VSS_AK0g13ParameterListY0VSbAK0vY0VSg0A4Core0A8DeliveryOtFZ
FN:223,$s18AwaitlessKitMacros0A14PublisherMacroV06createD12FunctionBody33_2FAAAD15B3DAB3FAAD159F745E311040LL16originalFuncName10parameters10isThrowing10returnType8delivery11SwiftSyntax09CodeBlockY0VSS_AK0g13ParameterListY0VSbAK0vY0VSg0A4Core0A8DeliveryOtFZAK0z13BlockItemListY0VyXEfU_
FN:228,$s18AwaitlessKitMacros0A14PublisherMacroV06createD12FunctionBody33_2FAAAD15B3DAB3FAAD159F745E311040LL16originalFuncName10parameters10isThrowing10returnType8delivery11SwiftSyntax09CodeBlockY0VSS_AK0g13ParameterListY0VSbAK0vY0VSg0A4Core0A8DeliveryOtFZAK0z13BlockItemListY0VyXEfU_AWyXEfU_
FN:233,$s18AwaitlessKitMacros0A14PublisherMacroV06createD12FunctionBody33_2FAAAD15B3DAB3FAAD159F745E311040LL16originalFuncName10parameters10isThrowing10returnType8delivery11SwiftSyntax09CodeBlockY0VSS_AK0g13ParameterListY0VSbAK0vY0VSg0A4Core0A8DeliveryOtFZAK0z13BlockItemListY0VyXEfU_AWyXEfU_AK018PatternBindingListY0VyXEfU_
FN:245,$s18AwaitlessKitMacros0A14PublisherMacroV06createD12FunctionBody33_2FAAAD15B3DAB3FAAD159F745E311040LL16originalFuncName10parameters10isThrowing10returnType8delivery11SwiftSyntax09CodeBlockY0VSS_AK0g13ParameterListY0VSbAK0vY0VSg0A4Core0A8DeliveryOtFZAK0z13BlockItemListY0VyXEfU_AWyXEfU_AK015LabeledExprListY0VyXEfU0_
FN:252,$s18AwaitlessKitMacros0A14PublisherMacroV06createD12FunctionBody33_2FAAAD15B3DAB3FAAD159F745E311040LL16originalFuncName10parameters10isThrowing10returnType8delivery11SwiftSyntax09CodeBlockY0VSS_AK0g13ParameterListY0VSbAK0vY0VSg0A4Core0A8DeliveryOtFZAK0z13BlockItemListY0VyXEfU_AWyXEfU_AK015LabeledExprListY0VyXEfU0_AYyXEfU_
FN:261,$s18AwaitlessKitMacros0A14PublisherMacroV06createD12FunctionBody33_2FAAAD15B3DAB3FAAD159F745E311040LL16originalFuncName10parameters10isThrowing10returnType8delivery11SwiftSyntax09CodeBlockY0VSS_AK0g13ParameterListY0VSbAK0vY0VSg0A4Core0A8DeliveryOtFZAK0z13BlockItemListY0VyXEfU_AK015CatchClauseListY0VyXEfU0_
FN:264,$s18AwaitlessKitMacros0A14PublisherMacroV06createD12FunctionBody33_2FAAAD15B3DAB3FAAD159F745E311040LL16originalFuncName10parameters10isThrowing10returnType8delivery11SwiftSyntax09CodeBlockY0VSS_AK0g13ParameterListY0VSbAK0vY0VSg0A4Core0A8DeliveryOtFZAK0z13BlockItemListY0VyXEfU_AK015CatchClauseListY0VyXEfU0_AWyXEfU_
FN:271,$s18AwaitlessKitMacros0A14PublisherMacroV06createD12FunctionBody33_2FAAAD15B3DAB3FAAD159F745E311040LL16originalFuncName10parameters10isThrowing10returnType8delivery11SwiftSyntax09CodeBlockY0VSS_AK0g13ParameterListY0VSbAK0vY0VSg0A4Core0A8DeliveryOtFZAK0z13BlockItemListY0VyXEfU_AK015CatchClauseListY0VyXEfU0_AWyXEfU_AK015LabeledExprListY0VyXEfU_
FN:278,$s18AwaitlessKitMacros0A14PublisherMacroV06createD12FunctionBody33_2FAAAD15B3DAB3FAAD159F745E311040LL16originalFuncName10parameters10isThrowing10returnType8delivery11SwiftSyntax09CodeBlockY0VSS_AK0g13ParameterListY0VSbAK0vY0VSg0A4Core0A8DeliveryOtFZAK0z13BlockItemListY0VyXEfU_AK015CatchClauseListY0VyXEfU0_AWyXEfU_AK015LabeledExprListY0VyXEfU_A_yXEfU_
FN:290,$s18AwaitlessKitMacros0A14PublisherMacroV06createD12FunctionBody33_2FAAAD15B3DAB3FAAD159F745E311040LL16originalFuncName10parameters10isThrowing10returnType8delivery11SwiftSyntax09CodeBlockY0VSS_AK0g13ParameterListY0VSbAK0vY0VSg0A4Core0A8DeliveryOtFZAK0z13BlockItemListY0VyXEfU0_
FN:295,$s18AwaitlessKitMacros0A14PublisherMacroV06createD12FunctionBody33_2FAAAD15B3DAB3FAAD159F745E311040LL16originalFuncName10parameters10isThrowing10returnType8delivery11SwiftSyntax09CodeBlockY0VSS_AK0g13ParameterListY0VSbAK0vY0VSg0A4Core0A8DeliveryOtFZAK0z13BlockItemListY0VyXEfU0_AK018PatternBindingListY0VyXEfU_
FN:305,$s18AwaitlessKitMacros0A14PublisherMacroV06createD12FunctionBody33_2FAAAD15B3DAB3FAAD159F745E311040LL16originalFuncName10parameters10isThrowing10returnType8delivery11SwiftSyntax09CodeBlockY0VSS_AK0g13ParameterListY0VSbAK0vY0VSg0A4Core0A8DeliveryOtFZAK0z13BlockItemListY0VyXEfU0_AK015LabeledExprListY0VyXEfU0_
FN:312,$s18AwaitlessKitMacros0A14PublisherMacroV06createD12FunctionBody33_2FAAAD15B3DAB3FAAD159F745E311040LL16originalFuncName10parameters10isThrowing10returnType8delivery11SwiftSyntax09CodeBlockY0VSS_AK0g13ParameterListY0VSbAK0vY0VSg0A4Core0A8DeliveryOtFZAK0z13BlockItemListY0VyXEfU0_AK015LabeledExprListY0VyXEfU0_AYyXEfU_
FN:336,$s18AwaitlessKitMacros0A14PublisherMacroV06createD12FunctionBody33_2FAAAD15B3DAB3FAAD159F745E311040LL16originalFuncName10parameters10isThrowing10returnType8delivery11SwiftSyntax09CodeBlockY0VSS_AK0g13ParameterListY0VSbAK0vY0VSg0A4Core0A8DeliveryOtFZAK029ClosureShorthandParameterListY0VyXEfU1_
FN:339,$s18AwaitlessKitMacros0A14PublisherMacroV06createD12FunctionBody33_2FAAAD15B3DAB3FAAD159F745E311040LL16originalFuncName10parameters10isThrowing10returnType8delivery11SwiftSyntax09CodeBlockY0VSS_AK0g13ParameterListY0VSbAK0vY0VSg0A4Core0A8DeliveryOtFZAK0z13BlockItemListY0VyXEfU2_
FN:350,$s18AwaitlessKitMacros0A14PublisherMacroV06createD12FunctionBody33_2FAAAD15B3DAB3FAAD159F745E311040LL16originalFuncName10parameters10isThrowing10returnType8delivery11SwiftSyntax09CodeBlockY0VSS_AK0g13ParameterListY0VSbAK0vY0VSg0A4Core0A8DeliveryOtFZAK015LabeledExprListY0VyXEfU3_
FN:357,$s18AwaitlessKitMacros0A14PublisherMacroV06createD12FunctionBody33_2FAAAD15B3DAB3FAAD159F745E311040LL16originalFuncName10parameters10isThrowing10returnType8delivery11SwiftSyntax09CodeBlockY0VSS_AK0g13ParameterListY0VSbAK0vY0VSg0A4Core0A8DeliveryOtFZAK04ExprY0VyXEfU4_
FN:366,$s18AwaitlessKitMacros0A14PublisherMacroV06createD12FunctionBody33_2FAAAD15B3DAB3FAAD159F745E311040LL16originalFuncName10parameters10isThrowing10returnType8delivery11SwiftSyntax09CodeBlockY0VSS_AK0g13ParameterListY0VSbAK0vY0VSg0A4Core0A8DeliveryOtFZAK04ExprY0VyXEfU4_AK015LabeledExprListY0VyXEfU_
FN:396,$s18AwaitlessKitMacros0A14PublisherMacroV06createD12FunctionBody33_2FAAAD15B3DAB3FAAD159F745E311040LL16originalFuncName10parameters10isThrowing10returnType8delivery11SwiftSyntax09CodeBlockY0VSS_AK0g13ParameterListY0VSbAK0vY0VSg0A4Core0A8DeliveryOtFZAK0z13BlockItemListY0VyXEfU5_
FN:411,$s18AwaitlessKitMacros0A24PublisherMacroDiagnosticO8severity16SwiftDiagnostics0F8SeverityOvg
FN:415,$s18AwaitlessKitMacros0A24PublisherMacroDiagnosticO7messageSSvg
FN:416,$s18AwaitlessKitMacros0A24PublisherMacroDiagnosticO12diagnosticID16SwiftDiagnostics07MessageH0Vvg
FNDA:4,$s18AwaitlessKitMacros0A14PublisherMacroV9expansion2of16providingPeersOf2inSay11SwiftSyntax04DeclM0VGAH09AttributeM0V_xq_tKAH0nM8ProtocolRz0lmC00E16ExpansionContextR_r0_lFZ
FNDA:4,$s18AwaitlessKitMacros0A14PublisherMacroV06createD8Function33_2FAAAD15B3DAB3FAAD159F745E311040LL4from6prefix12availability8delivery11SwiftSyntax0g4DeclS0VAL_SS0A4Core0A12AvailabilityOSgAM0A8DeliveryOtFZ
FNDA:0,$s18AwaitlessKitMacros0A14PublisherMacroV06createD8Function33_2FAAAD15B3DAB3FAAD159F745E311040LL4from6prefix12availability8delivery11SwiftSyntax0g4DeclS0VAL_SS0A4Core0A12AvailabilityOSgAM0A8DeliveryOtFZSbyKXEfu_
FNDA:4,$s18AwaitlessKitMacros0A14PublisherMacroV06createD12FunctionBody33_2FAAAD15B3DAB3FAAD159F745E311040LL16originalFuncName10parameters10isThrowing10returnType8delivery11SwiftSyntax09CodeBlockY0VSS_AK0g13ParameterListY0VSbAK0vY0VSg0A4Core0A8DeliveryOtFZ
FNDA:3,$s18AwaitlessKitMacros0A14PublisherMacroV06createD12FunctionBody33_2FAAAD15B3DAB3FAAD159F745E311040LL16originalFuncName10parameters10isThrowing10returnType8delivery11SwiftSyntax09CodeBlockY0VSS_AK0g13ParameterListY0VSbAK0vY0VSg0A4Core0A8DeliveryOtFZAK0z13BlockItemListY0VyXEfU_
FNDA:3,$s18AwaitlessKitMacros0A14PublisherMacroV06createD12FunctionBody33_2FAAAD15B3DAB3FAAD159F745E311040LL16originalFuncName10parameters10isThrowing10returnType8delivery11SwiftSyntax09CodeBlockY0VSS_AK0g13ParameterListY0VSbAK0vY0VSg0A4Core0A8DeliveryOtFZAK0z13BlockItemListY0VyXEfU_AWyXEfU_
FNDA:3,$s18AwaitlessKitMacros0A14PublisherMacroV06createD12FunctionBody33_2FAAAD15B3DAB3FAAD159F745E311040LL16originalFuncName10parameters10isThrowing10returnType8delivery11SwiftSyntax09CodeBlockY0VSS_AK0g13ParameterListY0VSbAK0vY0VSg0A4Core0A8DeliveryOtFZAK0z13BlockItemListY0VyXEfU_AWyXEfU_AK018PatternBindingListY0VyXEfU_
FNDA:3,$s18AwaitlessKitMacros0A14PublisherMacroV06createD12FunctionBody33_2FAAAD15B3DAB3FAAD159F745E311040LL16originalFuncName10parameters10isThrowing10returnType8delivery11SwiftSyntax09CodeBlockY0VSS_AK0g13ParameterListY0VSbAK0vY0VSg0A4Core0A8DeliveryOtFZAK0z13BlockItemListY0VyXEfU_AWyXEfU_AK015LabeledExprListY0VyXEfU0_
FNDA:3,$s18AwaitlessKitMacros0A14PublisherMacroV06createD12FunctionBody33_2FAAAD15B3DAB3FAAD159F745E311040LL16originalFuncName10parameters10isThrowing10returnType8delivery11SwiftSyntax09CodeBlockY0VSS_AK0g13ParameterListY0VSbAK0vY0VSg0A4Core0A8DeliveryOtFZAK0z13BlockItemListY0VyXEfU_AWyXEfU_AK015LabeledExprListY0VyXEfU0_AYyXEfU_
FNDA:3,$s18AwaitlessKitMacros0A14PublisherMacroV06createD12FunctionBody33_2FAAAD15B3DAB3FAAD159F745E311040LL16originalFuncName10parameters10isThrowing10returnType8delivery11SwiftSyntax09CodeBlockY0VSS_AK0g13ParameterListY0VSbAK0vY0VSg0A4Core0A8DeliveryOtFZAK0z13BlockItemListY0VyXEfU_AK015CatchClauseListY0VyXEfU0_
FNDA:3,$s18AwaitlessKitMacros0A14PublisherMacroV06createD12FunctionBody33_2FAAAD15B3DAB3FAAD159F745E311040LL16originalFuncName10parameters10isThrowing10returnType8delivery11SwiftSyntax09CodeBlockY0VSS_AK0g13ParameterListY0VSbAK0vY0VSg0A4Core0A8DeliveryOtFZAK0z13BlockItemListY0VyXEfU_AK015CatchClauseListY0VyXEfU0_AWyXEfU_
FNDA:3,$s18AwaitlessKitMacros0A14PublisherMacroV06createD12FunctionBody33_2FAAAD15B3DAB3FAAD159F745E311040LL16originalFuncName10parameters10isThrowing10returnType8delivery11SwiftSyntax09CodeBlockY0VSS_AK0g13ParameterListY0VSbAK0vY0VSg0A4Core0A8DeliveryOtFZAK0z13BlockItemListY0VyXEfU_AK015CatchClauseListY0VyXEfU0_AWyXEfU_AK015LabeledExprListY0VyXEfU_
FNDA:3,$s18AwaitlessKitMacros0A14PublisherMacroV06createD12FunctionBody33_2FAAAD15B3DAB3FAAD159F745E311040LL16originalFuncName10parameters10isThrowing10returnType8delivery11SwiftSyntax09CodeBlockY0VSS_AK0g13ParameterListY0VSbAK0vY0VSg0A4Core0A8DeliveryOtFZAK0z13BlockItemListY0VyXEfU_AK015CatchClauseListY0VyXEfU0_AWyXEfU_AK015LabeledExprListY0VyXEfU_A_yXEfU_
FNDA:1,$s18AwaitlessKitMacros0A14PublisherMacroV06createD12FunctionBody33_2FAAAD15B3DAB3FAAD159F745E311040LL16originalFuncName10parameters10isThrowing10returnType8delivery11SwiftSyntax09CodeBlockY0VSS_AK0g13ParameterListY0VSbAK0vY0VSg0A4Core0A8DeliveryOtFZAK0z13BlockItemListY0VyXEfU0_
FNDA:1,$s18AwaitlessKitMacros0A14PublisherMacroV06createD12FunctionBody33_2FAAAD15B3DAB3FAAD159F745E311040LL16originalFuncName10parameters10isThrowing10returnType8delivery11SwiftSyntax09CodeBlockY0VSS_AK0g13ParameterListY0VSbAK0vY0VSg0A4Core0A8DeliveryOtFZAK0z13BlockItemListY0VyXEfU0_AK018PatternBindingListY0VyXEfU_
FNDA:1,$s18AwaitlessKitMacros0A14PublisherMacroV06createD12FunctionBody33_2FAAAD15B3DAB3FAAD159F745E311040LL16originalFuncName10parameters10isThrowing10returnType8delivery11SwiftSyntax09CodeBlockY0VSS_AK0g13ParameterListY0VSbAK0vY0VSg0A4Core0A8DeliveryOtFZAK0z13BlockItemListY0VyXEfU0_AK015LabeledExprListY0VyXEfU0_
FNDA:1,$s18AwaitlessKitMacros0A14PublisherMacroV06createD12FunctionBody33_2FAAAD15B3DAB3FAAD159F745E311040LL16originalFuncName10parameters10isThrowing10returnType8delivery11SwiftSyntax09CodeBlockY0VSS_AK0g13ParameterListY0VSbAK0vY0VSg0A4Core0A8DeliveryOtFZAK0z13BlockItemListY0VyXEfU0_AK015LabeledExprListY0VyXEfU0_AYyXEfU_
FNDA:4,$s18AwaitlessKitMacros0A14PublisherMacroV06createD12FunctionBody33_2FAAAD15B3DAB3FAAD159F745E311040LL16originalFuncName10parameters10isThrowing10returnType8delivery11SwiftSyntax09CodeBlockY0VSS_AK0g13ParameterListY0VSbAK0vY0VSg0A4Core0A8DeliveryOtFZAK029ClosureShorthandParameterListY0VyXEfU1_
FNDA:4,$s18AwaitlessKitMacros0A14PublisherMacroV06createD12FunctionBody33_2FAAAD15B3DAB3FAAD159F745E311040LL16originalFuncName10parameters10isThrowing10returnType8delivery11SwiftSyntax09CodeBlockY0VSS_AK0g13ParameterListY0VSbAK0vY0VSg0A4Core0A8DeliveryOtFZAK0z13BlockItemListY0VyXEfU2_
FNDA:4,$s18AwaitlessKitMacros0A14PublisherMacroV06createD12FunctionBody33_2FAAAD15B3DAB3FAAD159F745E311040LL16originalFuncName10parameters10isThrowing10returnType8delivery11SwiftSyntax09CodeBlockY0VSS_AK0g13ParameterListY0VSbAK0vY0VSg0A4Core0A8DeliveryOtFZAK015LabeledExprListY0VyXEfU3_
FNDA:4,$s18AwaitlessKitMacros0A14PublisherMacroV06createD12FunctionBody33_2FAAAD15B3DAB3FAAD159F745E311040LL16originalFuncName10parameters10isThrowing10returnType8delivery11SwiftSyntax09CodeBlockY0VSS_AK0g13ParameterListY0VSbAK0vY0VSg0A4Core0A8DeliveryOtFZAK04ExprY0VyXEfU4_
FNDA:1,$s18AwaitlessKitMacros0A14PublisherMacroV06createD12FunctionBody33_2FAAAD15B3DAB3FAAD159F745E311040LL16originalFuncName10parameters10isThrowing10returnType8delivery11SwiftSyntax09CodeBlockY0VSS_AK0g13ParameterListY0VSbAK0vY0VSg0A4Core0A8DeliveryOtFZAK04ExprY0VyXEfU4_AK015LabeledExprListY0VyXEfU_
FNDA:4,$s18AwaitlessKitMacros0A14PublisherMacroV06createD12FunctionBody33_2FAAAD15B3DAB3FAAD159F745E311040LL16originalFuncName10parameters10isThrowing10returnType8delivery11SwiftSyntax09CodeBlockY0VSS_AK0g13ParameterListY0VSbAK0vY0VSg0A4Core0A8DeliveryOtFZAK0z13BlockItemListY0VyXEfU5_
FNDA:0,$s18AwaitlessKitMacros0A24PublisherMacroDiagnosticO8severity16SwiftDiagnostics0F8SeverityOvg
FNDA:0,$s18AwaitlessKitMacros0A24PublisherMacroDiagnosticO7messageSSvg
FNDA:0,$s18AwaitlessKitMacros0A24PublisherMacroDiagnosticO12diagnosticID16SwiftDiagnostics07MessageH0Vvg
FNF:26
FNH:22
DA:27,4
DA:28,4
DA:29,0
DA:30,4
DA:31,4
DA:32,0
DA:33,0
DA:34,0
DA:35,0
DA:36,0
DA:37,4
DA:38,4
DA:39,4
DA:40,4
DA:41,4
DA:42,4
DA:43,4
DA:44,2
DA:45,2
DA:46,2
DA:47,2
DA:48,2
DA:49,1
DA:50,1
DA:51,1
DA:52,2
DA:53,2
DA:54,2
DA:55,2
DA:56,2
DA:57,1
DA:58,1
DA:59,1
DA:60,0
DA:61,0
DA:62,1
DA:63,2
DA:64,2
DA:65,2
DA:66,2
DA:67,2
DA:68,2
DA:69,0
DA:70,0
DA:71,0
DA:72,0
DA:73,0
DA:74,2
DA:75,2
DA:76,2
DA:77,2
DA:78,0
DA:79,0
DA:80,0
DA:81,0
DA:82,0
DA:83,0
DA:84,0
DA:85,0
DA:86,0
DA:87,0
DA:88,0
DA:89,0
DA:90,0
DA:91,0
DA:92,0
DA:93,0
DA:94,0
DA:95,0
DA:96,0
DA:97,0
DA:98,0
DA:99,0
DA:100,2
DA:101,2
DA:102,4
DA:104,4
DA:105,4
DA:106,4
DA:107,4
DA:108,4
DA:109,4
DA:117,4
DA:127,4
DA:128,4
DA:129,4
DA:130,4
DA:131,4
DA:132,4
DA:133,4
DA:134,4
DA:135,4
DA:136,4
DA:137,4
DA:138,3
DA:139,3
DA:140,3
DA:141,3
DA:142,0
DA:143,0
DA:144,3
DA:145,1
DA:146,1
DA:147,1
DA:148,1
DA:149,0
DA:150,0
DA:151,1
DA:152,4
DA:153,4
DA:154,4
DA:155,4
DA:156,4
DA:157,4
DA:158,4
DA:159,4
DA:160,4
DA:161,4
DA:162,4
DA:163,4
DA:164,4
DA:165,4
DA:166,4
DA:167,4
DA:168,4
DA:169,4
DA:170,4
DA:171,4
DA:172,0
DA:173,0
DA:174,0
DA:175,0
DA:176,0
DA:177,4
DA:178,4
DA:179,4
DA:180,4
DA:181,4
DA:182,4
DA:183,4
DA:184,4
DA:185,4
DA:186,4
DA:187,4
DA:188,4
DA:198,4
DA:199,4
DA:200,4
DA:201,4
DA:202,4
DA:203,4
DA:204,4
DA:205,4
DA:206,4
DA:207,4
DA:208,4
DA:209,4
DA:210,4
DA:211,4
DA:212,4
DA:213,4
DA:214,4
DA:215,4
DA:216,4
DA:217,4
DA:218,4
DA:219,4
DA:220,4
DA:221,4
DA:222,4
DA:223,3
DA:224,3
DA:225,3
DA:226,3
DA:227,3
DA:228,3
DA:229,3
DA:230,3
DA:231,3
DA:232,3
DA:233,3
DA:234,3
DA:235,3
DA:236,3
DA:237,3
DA:238,3
DA:239,3
DA:240,3
DA:241,3
DA:242,3
DA:243,3
DA:244,3
DA:245,3
DA:246,3
DA:247,3
DA:248,3
DA:249,3
DA:250,3
DA:251,3
DA:252,3
DA:253,3
DA:254,3
DA:255,3
DA:256,3
DA:257,3
DA:258,3
DA:259,3
DA:260,3
DA:261,3
DA:262,3
DA:263,3
DA:264,3
DA:265,3
DA:266,3
DA:267,3
DA:268,3
DA:269,3
DA:270,3
DA:271,3
DA:272,3
DA:273,3
DA:274,3
DA:275,3
DA:276,3
DA:277,3
DA:278,3
DA:279,3
DA:280,3
DA:281,3
DA:282,3
DA:283,3
DA:284,3
DA:285,3
DA:286,3
DA:287,3
DA:288,3
DA:289,3
DA:290,1
DA:291,1
DA:292,1
DA:293,1
DA:294,1
DA:295,1
DA:296,1
DA:297,1
DA:298,1
DA:299,1
DA:300,1
DA:301,1
DA:302,1
DA:303,1
DA:304,1
DA:305,1
DA:306,1
DA:307,1
DA:308,1
DA:309,1
DA:310,1
DA:311,1
DA:312,1
DA:313,1
DA:314,1
DA:315,1
DA:316,1
DA:317,1
DA:318,1
DA:319,1
DA:320,1
DA:321,1
DA:322,4
DA:323,4
DA:324,4
DA:325,4
DA:326,4
DA:327,4
DA:328,4
DA:329,4
DA:330,4
DA:331,4
DA:332,4
DA:333,4
DA:334,4
DA:335,4
DA:336,4
DA:337,4
DA:338,4
DA:339,4
DA:340,4
DA:341,4
DA:342,4
DA:343,4
DA:344,4
DA:345,4
DA:346,4
DA:347,4
DA:348,4
DA:349,4
DA:350,4
DA:351,4
DA:352,4
DA:353,4
DA:354,4
DA:355,4
DA:356,4
DA:357,4
DA:358,4
DA:359,4
DA:360,1
DA:361,1
DA:362,1
DA:363,1
DA:364,1
DA:365,1
DA:366,1
DA:367,1
DA:368,1
DA:369,1
DA:370,1
DA:371,1
DA:372,1
DA:373,1
DA:374,1
DA:375,1
DA:376,1
DA:377,1
DA:378,4
DA:379,4
DA:380,3
DA:381,4
DA:382,4
DA:383,4
DA:384,4
DA:385,4
DA:386,4
DA:387,4
DA:388,4
DA:389,4
DA:390,4
DA:391,4
DA:392,4
DA:393,4
DA:394,4
DA:395,4
DA:396,4
DA:397,4
DA:398,4
DA:399,4
DA:411,0
DA:412,0
DA:413,0
DA:415,0
DA:416,0
DA:417,0
DA:418,0
BRF:0
BRH:0
LF:652
LH:600
end_of_record
SF:/Users/bonkey/Projects/Personal/AwaitlessKit/Sources/AwaitlessKitMacros/AwaitlessSyncMacro.swift
FN:24,$s18AwaitlessKitMacros0A9SyncMacroV9expansion2of16providingPeersOf2inSay11SwiftSyntax04DeclM0VGAH09AttributeM0V_xq_tKAH0nM8ProtocolRz0lmC00E16ExpansionContextR_r0_lFZ
FN:121,$s18AwaitlessKitMacros0A9SyncMacroV9expansion2of16providingPeersOf2inSay11SwiftSyntax04DeclM0VGAH09AttributeM0V_xq_tKAH0nM8ProtocolRz0lmC00E16ExpansionContextR_r0_lFZSSyKXEfu_
FN:132,$s18AwaitlessKitMacros0A9SyncMacroV06createD8Function33_9578CBF070169285851DDD5D6E272E97LL4from6prefix12availability11SwiftSyntax0g4DeclQ0VAK_SS0A4Core0A12AvailabilityOSgtFZ
FN:138,$s18AwaitlessKitMacros0A9SyncMacroV06createD8Function33_9578CBF070169285851DDD5D6E272E97LL4from6prefix12availability11SwiftSyntax0g4DeclQ0VAK_SS0A4Core0A12AvailabilityOSgtFZSbyKXEfu_
FN:180,$s18AwaitlessKitMacros0A9SyncMacroV22createNoasyncAttribute33_9578CBF070169285851DDD5D6E272E97LL11SwiftSyntax0hO0VyFZ
FN:185,$s18AwaitlessKitMacros0A9SyncMacroV22createNoasyncAttribute33_9578CBF070169285851DDD5D6E272E97LL11SwiftSyntax0hO0VyFZAF015LabeledExprListO0VyXEfU_
FN:199,$s18AwaitlessKitMacros0A9SyncMacroV27createAvailabilityAttribute33_9578CBF070169285851DDD5D6E272E97LL16originalFuncName12availability11SwiftSyntax0hS0VSS_0A4Core0aG0OtFZ
FN:203,$s18AwaitlessKitMacros0A9SyncMacroV27createAvailabilityAttribute33_9578CBF070169285851DDD5D6E272E97LL16originalFuncName12availability11SwiftSyntax0hS0VSS_0A4Core0aG0OtFZSSyKXEfu_
FN:210,$s18AwaitlessKitMacros0A9SyncMacroV27createAvailabilityAttribute33_9578CBF070169285851DDD5D6E272E97LL16originalFuncName12availability11SwiftSyntax0hS0VSS_0A4Core0aG0OtFZAH015LabeledExprListS0VyXEfU_
FN:228,$s18AwaitlessKitMacros0A9SyncMacroV27createAvailabilityAttribute33_9578CBF070169285851DDD5D6E272E97LL16originalFuncName12availability11SwiftSyntax0hS0VSS_0A4Core0aG0OtFZSSyKXEfu0_
FN:235,$s18AwaitlessKitMacros0A9SyncMacroV27createAvailabilityAttribute33_9578CBF070169285851DDD5D6E272E97LL16originalFuncName12availability11SwiftSyntax0hS0VSS_0A4Core0aG0OtFZAH015LabeledExprListS0VyXEfU0_
FN:255,$s18AwaitlessKitMacros0A9SyncMacroV06createD12FunctionBody33_9578CBF070169285851DDD5D6E272E97LL16originalFuncName10parameters10isThrowing11SwiftSyntax09CodeBlockU0VSS_AI0g13ParameterListU0VSbtFZ
FN:276,$s18AwaitlessKitMacros0A9SyncMacroV06createD12FunctionBody33_9578CBF070169285851DDD5D6E272E97LL16originalFuncName10parameters10isThrowing11SwiftSyntax09CodeBlockU0VSS_AI0g13ParameterListU0VSbtFZAI0vw4ItemyU0VyXEfU_
FN:285,$s18AwaitlessKitMacros0A9SyncMacroV06createD12FunctionBody33_9578CBF070169285851DDD5D6E272E97LL16originalFuncName10parameters10isThrowing11SwiftSyntax09CodeBlockU0VSS_AI0g13ParameterListU0VSbtFZAI0vw4ItemyU0VyXEfU0_
FN:291,$s18AwaitlessKitMacros0A9SyncMacroV21createTaskNoasyncCall33_9578CBF070169285851DDD5D6E272E97LL4with10isThrowing11SwiftSyntax04ExprS0VAJ_SbtFZ
FN:298,$s18AwaitlessKitMacros0A9SyncMacroV21createTaskNoasyncCall33_9578CBF070169285851DDD5D6E272E97LL4with10isThrowing11SwiftSyntax04ExprS0VAJ_SbtFZAH07Labeledt4ListS0VyXEfU_
FN:317,$s18AwaitlessKitMacros0A9SyncMacroV06createD17FunctionSignature33_9578CBF070169285851DDD5D6E272E97LL4from10isThrowing10returnType11SwiftSyntax0ghT0VAI0g4DeclT0V_SbAI0rT0VSgtFZ
FN:332,$s18AwaitlessKitMacros0A9SyncMacroV06createD17FunctionSignature33_9578CBF070169285851DDD5D6E272E97LL4from10isThrowing10returnType11SwiftSyntax0ghT0VAI0g4DeclT0V_SbAI0rT0VSgtFZAI012ReturnClauseT0VAOXEfU_
FN:343,$s18AwaitlessKitMacros0A19SyncMacroDiagnosticO8severity16SwiftDiagnostics0F8SeverityOvg
FN:347,$s18AwaitlessKitMacros0A19SyncMacroDiagnosticO7messageSSvg
FN:348,$s18AwaitlessKitMacros0A19SyncMacroDiagnosticO12diagnosticID16SwiftDiagnostics07MessageH0Vvg
FNDA:27,$s18AwaitlessKitMacros0A9SyncMacroV9expansion2of16providingPeersOf2inSay11SwiftSyntax04DeclM0VGAH09AttributeM0V_xq_tKAH0nM8ProtocolRz0lmC00E16ExpansionContextR_r0_lFZ
FNDA:0,$s18AwaitlessKitMacros0A9SyncMacroV9expansion2of16providingPeersOf2inSay11SwiftSyntax04DeclM0VGAH09AttributeM0V_xq_tKAH0nM8ProtocolRz0lmC00E16ExpansionContextR_r0_lFZSSyKXEfu_
FNDA:27,$s18AwaitlessKitMacros0A9SyncMacroV06createD8Function33_9578CBF070169285851DDD5D6E272E97LL4from6prefix12availability11SwiftSyntax0g4DeclQ0VAK_SS0A4Core0A12AvailabilityOSgtFZ
FNDA:0,$s18AwaitlessKitMacros0A9SyncMacroV06createD8Function33_9578CBF070169285851DDD5D6E272E97LL4from6prefix12availability11SwiftSyntax0g4DeclQ0VAK_SS0A4Core0A12AvailabilityOSgtFZSbyKXEfu_
FNDA:27,$s18AwaitlessKitMacros0A9SyncMacroV22createNoasyncAttribute33_9578CBF070169285851DDD5D6E272E97LL11SwiftSyntax0hO0VyFZ
FNDA:27,$s18AwaitlessKitMacros0A9SyncMacroV22createNoasyncAttribute33_9578CBF070169285851DDD5D6E272E97LL11SwiftSyntax0hO0VyFZAF015LabeledExprListO0VyXEfU_
FNDA:5,$s18AwaitlessKitMacros0A9SyncMacroV27createAvailabilityAttribute33_9578CBF070169285851DDD5D6E272E97LL16originalFuncName12availability11SwiftSyntax0hS0VSS_0A4Core0aG0OtFZ
FNDA:0,$s18AwaitlessKitMacros0A9SyncMacroV27createAvailabilityAttribute33_9578CBF070169285851DDD5D6E272E97LL16originalFuncName12availability11SwiftSyntax0hS0VSS_0A4Core0aG0OtFZSSyKXEfu_
FNDA:3,$s18AwaitlessKitMacros0A9SyncMacroV27createAvailabilityAttribute33_9578CBF070169285851DDD5D6E272E97LL16originalFuncName12availability11SwiftSyntax0hS0VSS_0A4Core0aG0OtFZAH015LabeledExprListS0VyXEfU_
FNDA:1,$s18AwaitlessKitMacros0A9SyncMacroV27createAvailabilityAttribute33_9578CBF070169285851DDD5D6E272E97LL16originalFuncName12availability11SwiftSyntax0hS0VSS_0A4Core0aG0OtFZSSyKXEfu0_
FNDA:2,$s18AwaitlessKitMacros0A9SyncMacroV27createAvailabilityAttribute33_9578CBF070169285851DDD5D6E272E97LL16originalFuncName12availability11SwiftSyntax0hS0VSS_0A4Core0aG0OtFZAH015LabeledExprListS0VyXEfU0_
FNDA:27,$s18AwaitlessKitMacros0A9SyncMacroV06createD12FunctionBody33_9578CBF070169285851DDD5D6E272E97LL16originalFuncName10parameters10isThrowing11SwiftSyntax09CodeBlockU0VSS_AI0g13ParameterListU0VSbtFZ
FNDA:27,$s18AwaitlessKitMacros0A9SyncMacroV06createD12FunctionBody33_9578CBF070169285851DDD5D6E272E97LL16originalFuncName10parameters10isThrowing11SwiftSyntax09CodeBlockU0VSS_AI0g13ParameterListU0VSbtFZAI0vw4ItemyU0VyXEfU_
FNDA:27,$s18AwaitlessKitMacros0A9SyncMacroV06createD12FunctionBody33_9578CBF070169285851DDD5D6E272E97LL16originalFuncName10parameters10isThrowing11SwiftSyntax09CodeBlockU0VSS_AI0g13ParameterListU0VSbtFZAI0vw4ItemyU0VyXEfU0_
FNDA:27,$s18AwaitlessKitMacros0A9SyncMacroV21createTaskNoasyncCall33_9578CBF070169285851DDD5D6E272E97LL4with10isThrowing11SwiftSyntax04ExprS0VAJ_SbtFZ
FNDA:27,$s18AwaitlessKitMacros0A9SyncMacroV21createTaskNoasyncCall33_9578CBF070169285851DDD5D6E272E97LL4with10isThrowing11SwiftSyntax04ExprS0VAJ_SbtFZAH07Labeledt4ListS0VyXEfU_
FNDA:27,$s18AwaitlessKitMacros0A9SyncMacroV06createD17FunctionSignature33_9578CBF070169285851DDD5D6E272E97LL4from10isThrowing10returnType11SwiftSyntax0ghT0VAI0g4DeclT0V_SbAI0rT0VSgtFZ
FNDA:25,$s18AwaitlessKitMacros0A9SyncMacroV06createD17FunctionSignature33_9578CBF070169285851DDD5D6E272E97LL4from10isThrowing10returnType11SwiftSyntax0ghT0VAI0g4DeclT0V_SbAI0rT0VSgtFZAI012ReturnClauseT0VAOXEfU_
FNDA:0,$s18AwaitlessKitMacros0A19SyncMacroDiagnosticO8severity16SwiftDiagnostics0F8SeverityOvg
FNDA:0,$s18AwaitlessKitMacros0A19SyncMacroDiagnosticO7messageSSvg
FNDA:0,$s18AwaitlessKitMacros0A19SyncMacroDiagnosticO12diagnosticID16SwiftDiagnostics07MessageH0Vvg
FNF:21
FNH:15
DA:24,27
DA:25,27
DA:26,27
DA:27,0
DA:28,27
DA:29,27
DA:30,27
DA:31,27
DA:32,0
DA:33,0
DA:34,0
DA:35,0
DA:36,0
DA:37,27
DA:38,27
DA:39,27
DA:40,0
DA:41,0
DA:42,0
DA:43,0
DA:44,0
DA:45,0
DA:46,27
DA:47,27
DA:48,27
DA:49,27
DA:50,27
DA:51,27
DA:52,27
DA:53,9
DA:54,9
DA:55,9
DA:56,9
DA:57,9
DA:58,9
DA:59,4
DA:60,4
DA:61,4
DA:62,4
DA:63,4
DA:64,9
DA:65,9
DA:66,9
DA:67,9
DA:68,9
DA:69,9
DA:70,9
DA:71,0
DA:72,0
DA:73,0
DA:74,0
DA:75,0
DA:76,0
DA:77,9
DA:78,9
DA:79,9
DA:80,9
DA:81,5
DA:82,5
DA:83,3
DA:84,3
DA:85,3
DA:86,3
DA:87,3
DA:88,3
DA:89,3
DA:90,0
DA:91,0
DA:92,3
DA:93,2
DA:94,2
DA:95,2
DA:96,1
DA:97,1
DA:98,1
DA:99,1
DA:100,1
DA:101,1
DA:102,2
DA:103,5
DA:104,9
DA:105,9
DA:106,27
DA:107,27
DA:108,27
DA:109,27
DA:110,27
DA:111,27
DA:112,27
DA:113,27
DA:114,27
DA:115,27
DA:116,27
DA:117,27
DA:118,27
DA:119,27
DA:120,27
DA:121,27
DA:122,27
DA:123,27
DA:124,27
DA:132,27
DA:133,27
DA:134,27
DA:135,27
DA:136,27
DA:137,27
DA:138,27
DA:139,27
DA:140,27
DA:141,27
DA:142,27
DA:143,27
DA:144,27
DA:145,27
DA:146,27
DA:147,27
DA:148,27
DA:149,27
DA:150,27
DA:151,27
DA:152,27
DA:153,27
DA:154,27
DA:155,27
DA:156,27
DA:157,27
DA:158,27
DA:159,27
DA:160,27
DA:161,5
DA:162,5
DA:163,5
DA:164,5
DA:165,5
DA:166,27
DA:167,27
DA:168,27
DA:169,27
DA:170,27
DA:171,27
DA:172,27
DA:173,27
DA:174,27
DA:175,27
DA:176,27
DA:177,27
DA:180,27
DA:181,27
DA:182,27
DA:183,27
DA:184,27
DA:185,27
DA:186,27
DA:187,27
DA:188,27
DA:189,27
DA:190,27
DA:191,27
DA:192,27
DA:199,5
DA:200,5
DA:201,5
DA:202,3
DA:203,3
DA:204,3
DA:205,3
DA:206,3
DA:207,3
DA:208,3
DA:209,3
DA:210,3
DA:211,3
DA:212,3
DA:213,3
DA:214,3
DA:215,3
DA:216,3
DA:217,3
DA:218,3
DA:219,3
DA:220,3
DA:221,3
DA:222,3
DA:223,3
DA:224,3
DA:225,5
DA:226,5
DA:227,2
DA:228,2
DA:229,2
DA:230,2
DA:231,2
DA:232,2
DA:233,2
DA:234,2
DA:235,2
DA:236,2
DA:237,2
DA:238,2
DA:239,2
DA:240,2
DA:241,2
DA:242,2
DA:243,2
DA:244,2
DA:245,2
DA:246,5
DA:247,5
DA:255,27
DA:256,27
DA:257,27
DA:258,27
DA:259,27
DA:260,27
DA:261,27
DA:262,27
DA:263,27
DA:264,27
DA:265,27
DA:266,27
DA:267,27
DA:268,27
DA:269,27
DA:270,27
DA:271,27
DA:272,27
DA:273,27
DA:274,27
DA:275,27
DA:276,27
DA:277,27
DA:278,27
DA:279,27
DA:280,27
DA:281,27
DA:282,27
DA:283,27
DA:284,27
DA:285,27
DA:286,27
DA:287,27
DA:288,27
DA:291,27
DA:292,27
DA:293,27
DA:294,27
DA:295,27
DA:296,27
DA:297,27
DA:298,27
DA:299,27
DA:300,27
DA:301,27
DA:302,27
DA:303,27
DA:304,27
DA:305,12
DA:306,15
DA:307,15
DA:308,15
DA:309,27
DA:317,27
DA:318,27
DA:319,27
DA:320,27
DA:321,12
DA:322,12
DA:323,12
DA:324,12
DA:325,15
DA:326,15
DA:327,15
DA:328,27
DA:329,27
DA:330,27
DA:331,27
DA:332,27
DA:333,27
DA:343,0
DA:344,0
DA:345,0
DA:347,0
DA:348,0
DA:349,0
DA:350,0
BRF:0
BRH:0
LF:330
LH:300
end_of_record
SF:/Users/bonkey/Projects/Personal/AwaitlessKit/Sources/AwaitlessKitMacros/AwaitlessableMacro.swift
FN:20,$s18AwaitlessKitMacros18AwaitlessableMacroV9expansion2of18providingMembersOf12conformingTo2inSay11SwiftSyntax04DeclO0VGAI09AttributeO0V_xSayAI04TypeO0VGq_tKAI0p5GroupO0Rz0noC00E16ExpansionContextR_r0_lFZ
FN:58,$s18AwaitlessKitMacros18AwaitlessableMacroV9expansion2of10attachedTo21providingExtensionsOf010conformingI02inSay11SwiftSyntax013ExtensionDeclP0VGAJ09AttributeP0V_xq_SayAJ04TypeP0VGq0_tKAJ0r5GroupP0RzAJ0tP8ProtocolR_0opC00E16ExpansionContextR0_r1_lFZ
FN:115,$s18AwaitlessKitMacros18AwaitlessableMacroV27createSyncFunctionSignature33_74A1C90060AA5B4395D70EE2D410BF77LL4from11SwiftSyntax0h4DeclT0VAI_tFZ
FN:117,$s18AwaitlessKitMacros18AwaitlessableMacroV27createSyncFunctionSignature33_74A1C90060AA5B4395D70EE2D410BF77LL4from11SwiftSyntax0h4DeclT0VAI_tFZSbyKXEfu_
FN:149,$s18AwaitlessKitMacros18AwaitlessableMacroV43createSyncFunctionWithDefaultImplementation33_74A1C90060AA5B4395D70EE2D410BF77LL4from11SwiftSyntax0h4DeclV0VAI_tFZ
FN:151,$s18AwaitlessKitMacros18AwaitlessableMacroV43createSyncFunctionWithDefaultImplementation33_74A1C90060AA5B4395D70EE2D410BF77LL4from11SwiftSyntax0h4DeclV0VAI_tFZSbyKXEfu_
FN:174,$s18AwaitlessKitMacros18AwaitlessableMacroV43createSyncFunctionWithDefaultImplementation33_74A1C90060AA5B4395D70EE2D410BF77LL4from11SwiftSyntax0h4DeclV0VAI_tFZSSSi_AG0h9ParameterV0VtXEfU_
FN:176,$s18AwaitlessKitMacros18AwaitlessableMacroV43createSyncFunctionWithDefaultImplementation33_74A1C90060AA5B4395D70EE2D410BF77LL4from11SwiftSyntax0h4DeclV0VAI_tFZSSSi_AG0h9ParameterV0VtXEfU_SSyKXEfu_
FN:223,$s18AwaitlessKitMacros18AwaitlessableMacroV32parseExtensionGenerationArgument33_74A1C90060AA5B4395D70EE2D410BF77LL4from0A4Core0dgH0O11SwiftSyntax09AttributeU0V_tFZ
FN:255,$s18AwaitlessKitMacros28AwaitlessableMacroDiagnosticO8severity16SwiftDiagnostics0F8SeverityOvg
FN:256,$s18AwaitlessKitMacros28AwaitlessableMacroDiagnosticO7messageSSvg
FN:257,$s18AwaitlessKitMacros28AwaitlessableMacroDiagnosticO12diagnosticID16SwiftDiagnostics07MessageH0Vvg
FNDA:4,$s18AwaitlessKitMacros18AwaitlessableMacroV9expansion2of18providingMembersOf12conformingTo2inSay11SwiftSyntax04DeclO0VGAI09AttributeO0V_xSayAI04TypeO0VGq_tKAI0p5GroupO0Rz0noC00E16ExpansionContextR_r0_lFZ
FNDA:4,$s18AwaitlessKitMacros18AwaitlessableMacroV9expansion2of10attachedTo21providingExtensionsOf010conformingI02inSay11SwiftSyntax013ExtensionDeclP0VGAJ09AttributeP0V_xq_SayAJ04TypeP0VGq0_tKAJ0r5GroupP0RzAJ0tP8ProtocolR_0opC00E16ExpansionContextR0_r1_lFZ
FNDA:6,$s18AwaitlessKitMacros18AwaitlessableMacroV27createSyncFunctionSignature33_74A1C90060AA5B4395D70EE2D410BF77LL4from11SwiftSyntax0h4DeclT0VAI_tFZ
FNDA:0,$s18AwaitlessKitMacros18AwaitlessableMacroV27createSyncFunctionSignature33_74A1C90060AA5B4395D70EE2D410BF77LL4from11SwiftSyntax0h4DeclT0VAI_tFZSbyKXEfu_
FNDA:4,$s18AwaitlessKitMacros18AwaitlessableMacroV43createSyncFunctionWithDefaultImplementation33_74A1C90060AA5B4395D70EE2D410BF77LL4from11SwiftSyntax0h4DeclV0VAI_tFZ
FNDA:0,$s18AwaitlessKitMacros18AwaitlessableMacroV43createSyncFunctionWithDefaultImplementation33_74A1C90060AA5B4395D70EE2D410BF77LL4from11SwiftSyntax0h4DeclV0VAI_tFZSbyKXEfu_
FNDA:2,$s18AwaitlessKitMacros18AwaitlessableMacroV43createSyncFunctionWithDefaultImplementation33_74A1C90060AA5B4395D70EE2D410BF77LL4from11SwiftSyntax0h4DeclV0VAI_tFZSSSi_AG0h9ParameterV0VtXEfU_
FNDA:2,$s18AwaitlessKitMacros18AwaitlessableMacroV43createSyncFunctionWithDefaultImplementation33_74A1C90060AA5B4395D70EE2D410BF77LL4from11SwiftSyntax0h4DeclV0VAI_tFZSSSi_AG0h9ParameterV0VtXEfU_SSyKXEfu_
FNDA:4,$s18AwaitlessKitMacros18AwaitlessableMacroV32parseExtensionGenerationArgument33_74A1C90060AA5B4395D70EE2D410BF77LL4from0A4Core0dgH0O11SwiftSyntax09AttributeU0V_tFZ
FNDA:0,$s18AwaitlessKitMacros28AwaitlessableMacroDiagnosticO8severity16SwiftDiagnostics0F8SeverityOvg
FNDA:0,$s18AwaitlessKitMacros28AwaitlessableMacroDiagnosticO7messageSSvg
FNDA:0,$s18AwaitlessKitMacros28AwaitlessableMacroDiagnosticO12diagnosticID16SwiftDiagnostics07MessageH0Vvg
FNF:12
FNH:7
DA:20,4
DA:21,4
DA:22,4
DA:23,0
DA:24,0
DA:25,0
DA:26,0
DA:27,0
DA:28,4
DA:29,4
DA:30,4
DA:31,4
DA:32,4
DA:33,4
DA:34,9
DA:35,9
DA:36,9
DA:37,7
DA:38,7
DA:39,7
DA:40,7
DA:41,6
DA:42,6
DA:43,6
DA:44,6
DA:45,7
DA:46,9
DA:47,4
DA:48,4
DA:49,4
DA:58,4
DA:59,4
DA:60,4
DA:61,4
DA:62,4
DA:63,4
DA:64,1
DA:65,3
DA:66,3
DA:67,3
DA:68,3
DA:69,0
DA:70,0
DA:71,0
DA:72,0
DA:73,0
DA:74,3
DA:75,3
DA:76,3
DA:77,3
DA:78,3
DA:79,3
DA:80,7
DA:81,7
DA:82,5
DA:83,5
DA:84,5
DA:85,5
DA:86,4
DA:87,4
DA:88,4
DA:89,4
DA:90,5
DA:91,7
DA:92,3
DA:93,3
DA:94,3
DA:95,0
DA:96,3
DA:97,3
DA:98,3
DA:99,3
DA:100,3
DA:101,3
DA:102,3
DA:103,3
DA:104,3
DA:105,3
DA:106,3
DA:107,3
DA:108,3
DA:109,4
DA:115,6
DA:116,6
DA:117,6
DA:118,6
DA:119,6
DA:120,6
DA:121,4
DA:122,4
DA:123,4
DA:124,4
DA:125,4
DA:126,2
DA:127,2
DA:128,6
DA:129,6
DA:130,6
DA:131,6
DA:132,6
DA:133,6
DA:134,6
DA:135,6
DA:136,6
DA:137,6
DA:138,6
DA:139,6
DA:140,6
DA:141,6
DA:142,6
DA:143,6
DA:149,4
DA:150,4
DA:151,4
DA:152,4
DA:153,4
DA:154,4
DA:155,3
DA:156,3
DA:157,3
DA:158,3
DA:159,3
DA:160,1
DA:161,1
DA:162,4
DA:163,4
DA:164,4
DA:165,4
DA:166,4
DA:167,4
DA:168,4
DA:169,4
DA:170,4
DA:171,4
DA:172,2
DA:173,2
DA:174,2
DA:175,2
DA:176,2
DA:177,2
DA:178,2
DA:179,2
DA:180,4
DA:181,4
DA:182,4
DA:183,4
DA:184,4
DA:185,4
DA:186,3
DA:187,3
DA:188,1
DA:189,1
DA:190,4
DA:191,4
DA:192,4
DA:193,4
DA:194,4
DA:195,4
DA:196,0
DA:197,0
DA:198,4
DA:199,4
DA:200,4
DA:201,4
DA:202,4
DA:203,4
DA:204,4
DA:205,4
DA:206,4
DA:207,4
DA:208,4
DA:209,4
DA:210,4
DA:211,4
DA:212,4
DA:213,4
DA:214,4
DA:215,4
DA:216,4
DA:217,4
DA:218,4
DA:223,4
DA:224,4
DA:225,2
DA:226,2
DA:227,2
DA:228,2
DA:229,2
DA:230,2
DA:231,2
DA:232,2
DA:233,2
DA:234,2
DA:235,2
DA:236,1
DA:237,2
DA:238,1
DA:239,2
DA:240,0
DA:241,2
DA:242,2
DA:243,0
DA:244,0
DA:245,0
DA:246,4
DA:255,0
DA:256,0
DA:257,0
DA:258,0
DA:259,0
BRF:0
BRH:0
LF:218
LH:194
end_of_record
SF:/Users/bonkey/Projects/Personal/AwaitlessKit/Sources/AwaitlessKitMacros/IsolatedSafeMacro.swift
FN:21,$s18AwaitlessKitMacros11AccessLevelO13stringLiteralACSS_tcfC
FN:22,$s18AwaitlessKitMacros11AccessLevelO13stringLiteralACSS_tcfcACyKXEfu_
FN:37,$s18AwaitlessKitMacros17IsolatedSafeMacroV9expansion2of16providingPeersOf2inSay11SwiftSyntax04DeclN0VGAH09AttributeN0V_xq_tKAH0oN8ProtocolRz0mnC00F16ExpansionContextR_r0_lFZ
FN:124,$s18AwaitlessKitMacros17IsolatedSafeMacroV9expansion2of16providingPeersOf2inSay11SwiftSyntax04DeclN0VGAH09AttributeN0V_xq_tKAH0oN8ProtocolRz0mnC00F16ExpansionContextR_r0_lFZAjH08VariableoN0VXEfU_
FN:129,$s18AwaitlessKitMacros17IsolatedSafeMacroV28hasNonisolatedUnsafeModifier33_83CB622A1AC931B78E4FCD9D67F33539LLySb11SwiftSyntax04Declj4ListT0VFZ
FN:145,$s18AwaitlessKitMacros17IsolatedSafeMacroV18hasPrivateModifier33_83CB622A1AC931B78E4FCD9D67F33539LLySb11SwiftSyntax04Decli4ListS0VFZ
FN:155,$s18AwaitlessKitMacros17IsolatedSafeMacroV16parseAccessLevel33_83CB622A1AC931B78E4FCD9D67F33539LL4fromAA0hI0O11SwiftSyntax09AttributeT0V_tFZ
FN:166,$s18AwaitlessKitMacros17IsolatedSafeMacroV16parseAccessLevel33_83CB622A1AC931B78E4FCD9D67F33539LL4fromAA0hI0O11SwiftSyntax09AttributeT0V_tFZAHyKXEfu_
FN:174,$s18AwaitlessKitMacros17IsolatedSafeMacroV13parseWritable33_83CB622A1AC931B78E4FCD9D67F33539LL4fromSb11SwiftSyntax09AttributeS0V_tFZ
FN:191,$s18AwaitlessKitMacros17IsolatedSafeMacroV28parseSynchronizationStrategy33_83CB622A1AC931B78E4FCD9D67F33539LL4from0A4Core0ahI0O11SwiftSyntax09AttributeU0V_tFZ
FN:221,$s18AwaitlessKitMacros17IsolatedSafeMacroV14parseQueueName33_83CB622A1AC931B78E4FCD9D67F33539LL4from08propertyI07contextSS11SwiftSyntax09AttributeV0V_SSxt0uvC00F16ExpansionContextRzlFZ
FN:253,$s18AwaitlessKitMacros17IsolatedSafeMacroV08generateE8Property33_83CB622A1AC931B78E4FCD9D67F33539LL06unsafeH4Name14typeAnnotation11accessLevel05queueR08writable8strategy11SwiftSyntax18VariableDeclSyntaxVSS_AL04TypeT6SyntaxVAA06AccessV0OSSSb0A4Core0A23SynchronizationStrategyOtFZ
FN:259,$s18AwaitlessKitMacros17IsolatedSafeMacroV08generateE8Property33_83CB622A1AC931B78E4FCD9D67F33539LL06unsafeH4Name14typeAnnotation11accessLevel05queueR08writable8strategy11SwiftSyntax18VariableDeclSyntaxVSS_AL04TypeT6SyntaxVAA06AccessV0OSSSb0A4Core0A23SynchronizationStrategyOtFZAL22AccessorDeclListSyntaxVyXEfU_
FN:263,$s18AwaitlessKitMacros17IsolatedSafeMacroV08generateE8Property33_83CB622A1AC931B78E4FCD9D67F33539LL06unsafeH4Name14typeAnnotation11accessLevel05queueR08writable8strategy11SwiftSyntax18VariableDeclSyntaxVSS_AL04TypeT6SyntaxVAA06AccessV0OSSSb0A4Core0A23SynchronizationStrategyOtFZAL22AccessorDeclListSyntaxVyXEfU_AL23CodeBlockItemListSyntaxVyXEfU_
FN:279,$s18AwaitlessKitMacros17IsolatedSafeMacroV08generateE8Property33_83CB622A1AC931B78E4FCD9D67F33539LL06unsafeH4Name14typeAnnotation11accessLevel05queueR08writable8strategy11SwiftSyntax18VariableDeclSyntaxVSS_AL04TypeT6SyntaxVAA06AccessV0OSSSb0A4Core0A23SynchronizationStrategyOtFZAL23CodeBlockItemListSyntaxVyXEfU0_
FN:296,$s18AwaitlessKitMacros17IsolatedSafeMacroV08generateE8Property33_83CB622A1AC931B78E4FCD9D67F33539LL06unsafeH4Name14typeAnnotation11accessLevel05queueR08writable8strategy11SwiftSyntax18VariableDeclSyntaxVSS_AL04TypeT6SyntaxVAA06AccessV0OSSSb0A4Core0A23SynchronizationStrategyOtFZAL22DeclModifierListSyntaxVyXEfU1_
FN:300,$s18AwaitlessKitMacros17IsolatedSafeMacroV08generateE8Property33_83CB622A1AC931B78E4FCD9D67F33539LL06unsafeH4Name14typeAnnotation11accessLevel05queueR08writable8strategy11SwiftSyntax18VariableDeclSyntaxVSS_AL04TypeT6SyntaxVAA06AccessV0OSSSb0A4Core0A23SynchronizationStrategyOtFZAL24PatternBindingListSyntaxVyXEfU2_
FN:315,$s18AwaitlessKitMacros17IsolatedSafeMacroV14generateQueues33_83CB622A1AC931B78E4FCD9D67F33539LL4name11accessLevel8strategySay11SwiftSyntax012VariableDeclV0VGSS_AA06AccessS0O0A4Core0A23SynchronizationStrategyOtFZ
FN:325,$s18AwaitlessKitMacros17IsolatedSafeMacroV23generateConcurrentQueue33_83CB622A1AC931B78E4FCD9D67F33539LL4name11accessLevel11SwiftSyntax012VariableDeclV0VSS_AA06AccessT0OtFZ
FN:327,$s18AwaitlessKitMacros17IsolatedSafeMacroV23generateConcurrentQueue33_83CB622A1AC931B78E4FCD9D67F33539LL4name11accessLevel11SwiftSyntax012VariableDeclV0VSS_AA06AccessT0OtFZAH0x12ModifierListV0VyXEfU_
FN:331,$s18AwaitlessKitMacros17IsolatedSafeMacroV23generateConcurrentQueue33_83CB622A1AC931B78E4FCD9D67F33539LL4name11accessLevel11SwiftSyntax012VariableDeclV0VSS_AA06AccessT0OtFZAH018PatternBindingListV0VyXEfU0_
FN:342,$s18AwaitlessKitMacros17IsolatedSafeMacroV19generateSerialQueue33_83CB622A1AC931B78E4FCD9D67F33539LL4name11accessLevel11SwiftSyntax012VariableDeclV0VSS_AA06AccessT0OtFZ
FN:344,$s18AwaitlessKitMacros17IsolatedSafeMacroV19generateSerialQueue33_83CB622A1AC931B78E4FCD9D67F33539LL4name11accessLevel11SwiftSyntax012VariableDeclV0VSS_AA06AccessT0OtFZAH0x12ModifierListV0VyXEfU_
FN:348,$s18AwaitlessKitMacros17IsolatedSafeMacroV19generateSerialQueue33_83CB622A1AC931B78E4FCD9D67F33539LL4name11accessLevel11SwiftSyntax012VariableDeclV0VSS_AA06AccessT0OtFZAH018PatternBindingListV0VyXEfU0_
FN:370,$s18AwaitlessKitMacros27IsolatedSafeMacroDiagnosticO8severity16SwiftDiagnostics0G8SeverityOvg
FN:371,$s18AwaitlessKitMacros27IsolatedSafeMacroDiagnosticO7messageSSvg
FN:372,$s18AwaitlessKitMacros27IsolatedSafeMacroDiagnosticO12diagnosticID16SwiftDiagnostics07MessageI0Vvg
FNDA:0,$s18AwaitlessKitMacros11AccessLevelO13stringLiteralACSS_tcfC
FNDA:0,$s18AwaitlessKitMacros11AccessLevelO13stringLiteralACSS_tcfcACyKXEfu_
FNDA:6,$s18AwaitlessKitMacros17IsolatedSafeMacroV9expansion2of16providingPeersOf2inSay11SwiftSyntax04DeclN0VGAH09AttributeN0V_xq_tKAH0oN8ProtocolRz0mnC00F16ExpansionContextR_r0_lFZ
FNDA:6,$s18AwaitlessKitMacros17IsolatedSafeMacroV9expansion2of16providingPeersOf2inSay11SwiftSyntax04DeclN0VGAH09AttributeN0V_xq_tKAH0oN8ProtocolRz0mnC00F16ExpansionContextR_r0_lFZAjH08VariableoN0VXEfU_
FNDA:6,$s18AwaitlessKitMacros17IsolatedSafeMacroV28hasNonisolatedUnsafeModifier33_83CB622A1AC931B78E4FCD9D67F33539LLySb11SwiftSyntax04Declj4ListT0VFZ
FNDA:6,$s18AwaitlessKitMacros17IsolatedSafeMacroV18hasPrivateModifier33_83CB622A1AC931B78E4FCD9D67F33539LLySb11SwiftSyntax04Decli4ListS0VFZ
FNDA:6,$s18AwaitlessKitMacros17IsolatedSafeMacroV16parseAccessLevel33_83CB622A1AC931B78E4FCD9D67F33539LL4fromAA0hI0O11SwiftSyntax09AttributeT0V_tFZ
FNDA:0,$s18AwaitlessKitMacros17IsolatedSafeMacroV16parseAccessLevel33_83CB622A1AC931B78E4FCD9D67F33539LL4fromAA0hI0O11SwiftSyntax09AttributeT0V_tFZAHyKXEfu_
FNDA:6,$s18AwaitlessKitMacros17IsolatedSafeMacroV13parseWritable33_83CB622A1AC931B78E4FCD9D67F33539LL4fromSb11SwiftSyntax09AttributeS0V_tFZ
FNDA:6,$s18AwaitlessKitMacros17IsolatedSafeMacroV28parseSynchronizationStrategy33_83CB622A1AC931B78E4FCD9D67F33539LL4from0A4Core0ahI0O11SwiftSyntax09AttributeU0V_tFZ
FNDA:6,$s18AwaitlessKitMacros17IsolatedSafeMacroV14parseQueueName33_83CB622A1AC931B78E4FCD9D67F33539LL4from08propertyI07contextSS11SwiftSyntax09AttributeV0V_SSxt0uvC00F16ExpansionContextRzlFZ
FNDA:6,$s18AwaitlessKitMacros17IsolatedSafeMacroV08generateE8Property33_83CB622A1AC931B78E4FCD9D67F33539LL06unsafeH4Name14typeAnnotation11accessLevel05queueR08writable8strategy11SwiftSyntax18VariableDeclSyntaxVSS_AL04TypeT6SyntaxVAA06AccessV0OSSSb0A4Core0A23SynchronizationStrategyOtFZ
FNDA:6,$s18AwaitlessKitMacros17IsolatedSafeMacroV08generateE8Property33_83CB622A1AC931B78E4FCD9D67F33539LL06unsafeH4Name14typeAnnotation11accessLevel05queueR08writable8strategy11SwiftSyntax18VariableDeclSyntaxVSS_AL04TypeT6SyntaxVAA06AccessV0OSSSb0A4Core0A23SynchronizationStrategyOtFZAL22AccessorDeclListSyntaxVyXEfU_
FNDA:6,$s18AwaitlessKitMacros17IsolatedSafeMacroV08generateE8Property33_83CB622A1AC931B78E4FCD9D67F33539LL06unsafeH4Name14typeAnnotation11accessLevel05queueR08writable8strategy11SwiftSyntax18VariableDeclSyntaxVSS_AL04TypeT6SyntaxVAA06AccessV0OSSSb0A4Core0A23SynchronizationStrategyOtFZAL22AccessorDeclListSyntaxVyXEfU_AL23CodeBlockItemListSyntaxVyXEfU_
FNDA:4,$s18AwaitlessKitMacros17IsolatedSafeMacroV08generateE8Property33_83CB622A1AC931B78E4FCD9D67F33539LL06unsafeH4Name14typeAnnotation11accessLevel05queueR08writable8strategy11SwiftSyntax18VariableDeclSyntaxVSS_AL04TypeT6SyntaxVAA06AccessV0OSSSb0A4Core0A23SynchronizationStrategyOtFZAL23CodeBlockItemListSyntaxVyXEfU0_
FNDA:6,$s18AwaitlessKitMacros17IsolatedSafeMacroV08generateE8Property33_83CB622A1AC931B78E4FCD9D67F33539LL06unsafeH4Name14typeAnnotation11accessLevel05queueR08writable8strategy11SwiftSyntax18VariableDeclSyntaxVSS_AL04TypeT6SyntaxVAA06AccessV0OSSSb0A4Core0A23SynchronizationStrategyOtFZAL22DeclModifierListSyntaxVyXEfU1_
FNDA:6,$s18AwaitlessKitMacros17IsolatedSafeMacroV08generateE8Property33_83CB622A1AC931B78E4FCD9D67F33539LL06unsafeH4Name14typeAnnotation11accessLevel05queueR08writable8strategy11SwiftSyntax18VariableDeclSyntaxVSS_AL04TypeT6SyntaxVAA06AccessV0OSSSb0A4Core0A23SynchronizationStrategyOtFZAL24PatternBindingListSyntaxVyXEfU2_
FNDA:6,$s18AwaitlessKitMacros17IsolatedSafeMacroV14generateQueues33_83CB622A1AC931B78E4FCD9D67F33539LL4name11accessLevel8strategySay11SwiftSyntax012VariableDeclV0VGSS_AA06AccessS0O0A4Core0A23SynchronizationStrategyOtFZ
FNDA:4,$s18AwaitlessKitMacros17IsolatedSafeMacroV23generateConcurrentQueue33_83CB622A1AC931B78E4FCD9D67F33539LL4name11accessLevel11SwiftSyntax012VariableDeclV0VSS_AA06AccessT0OtFZ
FNDA:4,$s18AwaitlessKitMacros17IsolatedSafeMacroV23generateConcurrentQueue33_83CB622A1AC931B78E4FCD9D67F33539LL4name11accessLevel11SwiftSyntax012VariableDeclV0VSS_AA06AccessT0OtFZAH0x12ModifierListV0VyXEfU_
FNDA:4,$s18AwaitlessKitMacros17IsolatedSafeMacroV23generateConcurrentQueue33_83CB622A1AC931B78E4FCD9D67F33539LL4name11accessLevel11SwiftSyntax012VariableDeclV0VSS_AA06AccessT0OtFZAH018PatternBindingListV0VyXEfU0_
FNDA:2,$s18AwaitlessKitMacros17IsolatedSafeMacroV19generateSerialQueue33_83CB622A1AC931B78E4FCD9D67F33539LL4name11accessLevel11SwiftSyntax012VariableDeclV0VSS_AA06AccessT0OtFZ
FNDA:2,$s18AwaitlessKitMacros17IsolatedSafeMacroV19generateSerialQueue33_83CB622A1AC931B78E4FCD9D67F33539LL4name11accessLevel11SwiftSyntax012VariableDeclV0VSS_AA06AccessT0OtFZAH0x12ModifierListV0VyXEfU_
FNDA:2,$s18AwaitlessKitMacros17IsolatedSafeMacroV19generateSerialQueue33_83CB622A1AC931B78E4FCD9D67F33539LL4name11accessLevel11SwiftSyntax012VariableDeclV0VSS_AA06AccessT0OtFZAH018PatternBindingListV0VyXEfU0_
FNDA:0,$s18AwaitlessKitMacros27IsolatedSafeMacroDiagnosticO8severity16SwiftDiagnostics0G8SeverityOvg
FNDA:0,$s18AwaitlessKitMacros27IsolatedSafeMacroDiagnosticO7messageSSvg
FNDA:0,$s18AwaitlessKitMacros27IsolatedSafeMacroDiagnosticO12diagnosticID16SwiftDiagnostics07MessageI0Vvg
FNF:27
FNH:21
DA:21,0
DA:22,0
DA:23,0
DA:37,6
DA:38,6
DA:39,6
DA:40,0
DA:41,0
DA:42,0
DA:43,0
DA:44,0
DA:45,6
DA:46,6
DA:47,6
DA:48,6
DA:49,0
DA:50,0
DA:51,0
DA:52,0
DA:53,0
DA:54,6
DA:55,6
DA:56,6
DA:57,6
DA:58,0
DA:59,0
DA:60,0
DA:61,0
DA:62,0
DA:63,6
DA:64,6
DA:65,6
DA:66,6
DA:67,0
DA:68,0
DA:69,0
DA:70,0
DA:71,0
DA:72,6
DA:73,6
DA:74,6
DA:75,6
DA:76,0
DA:77,6
DA:78,6
DA:79,6
DA:80,6
DA:81,6
DA:82,6
DA:83,0
DA:84,0
DA:85,0
DA:86,0
DA:87,0
DA:88,6
DA:89,6
DA:90,6
DA:91,6
DA:92,0
DA:93,0
DA:94,0
DA:95,0
DA:96,0
DA:97,6
DA:98,6
DA:99,6
DA:100,6
DA:101,6
DA:102,6
DA:103,6
DA:104,6
DA:105,6
DA:106,6
DA:107,6
DA:108,6
DA:109,6
DA:110,6
DA:111,6
DA:112,6
DA:113,6
DA:114,6
DA:115,6
DA:116,6
DA:117,6
DA:118,6
DA:119,6
DA:120,6
DA:121,6
DA:122,6
DA:123,6
DA:124,6
DA:125,6
DA:126,6
DA:129,6
DA:130,12
DA:131,12
DA:132,12
DA:133,12
DA:134,6
DA:135,6
DA:136,6
DA:137,6
DA:138,6
DA:139,6
DA:140,6
DA:141,0
DA:142,6
DA:145,6
DA:146,6
DA:147,6
DA:148,6
DA:149,6
DA:150,0
DA:151,0
DA:152,6
DA:155,6
DA:156,6
DA:157,1
DA:158,5
DA:159,5
DA:160,8
DA:161,8
DA:162,8
DA:163,8
DA:164,8
DA:165,1
DA:166,1
DA:167,7
DA:168,7
DA:169,4
DA:170,4
DA:171,6
DA:174,6
DA:175,6
DA:176,1
DA:177,5
DA:178,5
DA:179,6
DA:180,6
DA:181,6
DA:182,6
DA:183,4
DA:184,4
DA:185,2
DA:186,1
DA:187,1
DA:188,6
DA:191,6
DA:192,6
DA:193,1
DA:194,5
DA:195,5
DA:196,9
DA:197,9
DA:198,9
DA:199,9
DA:200,2
DA:201,2
DA:202,2
DA:203,2
DA:204,2
DA:205,0
DA:206,2
DA:207,0
DA:208,2
DA:209,7
DA:210,7
DA:211,3
DA:212,3
DA:213,6
DA:221,6
DA:222,6
DA:223,1
DA:224,1
DA:225,1
DA:226,1
DA:227,5
DA:228,5
DA:229,8
DA:230,8
DA:231,8
DA:232,8
DA:233,8
DA:234,2
DA:235,6
DA:236,6
DA:237,3
DA:238,3
DA:239,3
DA:240,3
DA:241,3
DA:242,6
DA:253,6
DA:254,6
DA:255,6
DA:256,6
DA:257,6
DA:258,6
DA:259,6
DA:260,6
DA:261,6
DA:262,6
DA:263,6
DA:264,6
DA:265,6
DA:266,6
DA:267,6
DA:268,6
DA:269,6
DA:270,6
DA:271,6
DA:272,6
DA:273,6
DA:274,6
DA:275,6
DA:276,4
DA:277,4
DA:278,4
DA:279,4
DA:280,4
DA:281,4
DA:282,2
DA:283,2
DA:284,2
DA:285,4
DA:286,4
DA:287,2
DA:288,2
DA:289,2
DA:290,4
DA:291,4
DA:292,4
DA:293,6
DA:294,6
DA:295,6
DA:296,6
DA:297,6
DA:298,6
DA:299,6
DA:300,6
DA:301,6
DA:302,6
DA:303,6
DA:304,6
DA:305,6
DA:306,6
DA:307,6
DA:315,6
DA:316,6
DA:317,6
DA:318,4
DA:319,6
DA:320,2
DA:321,6
DA:322,6
DA:325,4
DA:326,4
DA:327,4
DA:328,4
DA:329,4
DA:330,4
DA:331,4
DA:332,4
DA:333,4
DA:334,4
DA:335,4
DA:336,4
DA:337,4
DA:338,4
DA:339,4
DA:342,2
DA:343,2
DA:344,2
DA:345,2
DA:346,2
DA:347,2
DA:348,2
DA:349,2
DA:350,2
DA:351,2
DA:352,2
DA:353,2
DA:354,2
DA:355,2
DA:356,2
DA:370,0
DA:371,0
DA:372,0
DA:373,0
DA:374,0
BRF:0
BRH:0
LF:361
LH:315
end_of_record
